Time	Cycle	PC	Insn	Decoded instruction	Register and memory contents
             24	         8	00200080	0630006f	jal	x0,2008e2	  x0=0x00000000
             30	        11	002008e2	00000093	addi	x1,x0,0	  x0:0x00000000  x1=0x00000000
             38	        15	002008e6	8106	c.mv	x2,x1	  x0:0x00000000  x1:0x00000000  x2=0x00000000
             46	        19	002008e8	8186	c.mv	x3,x1	  x0:0x00000000  x1:0x00000000  x3=0x00000000
             54	        23	002008ea	8206	c.mv	x4,x1	  x0:0x00000000  x1:0x00000000  x4=0x00000000
             62	        27	002008ec	8286	c.mv	x5,x1	  x0:0x00000000  x1:0x00000000  x5=0x00000000
             70	        31	002008ee	8306	c.mv	x6,x1	  x0:0x00000000  x1:0x00000000  x6=0x00000000
             78	        35	002008f0	8386	c.mv	x7,x1	  x0:0x00000000  x1:0x00000000  x7=0x00000000
             86	        39	002008f2	8406	c.mv	x8,x1	  x0:0x00000000  x1:0x00000000  x8=0x00000000
             94	        43	002008f4	8486	c.mv	x9,x1	  x0:0x00000000  x1:0x00000000  x9=0x00000000
            102	        47	002008f6	8506	c.mv	x10,x1	  x0:0x00000000  x1:0x00000000 x10=0x00000000
            110	        51	002008f8	8586	c.mv	x11,x1	  x0:0x00000000  x1:0x00000000 x11=0x00000000
            118	        55	002008fa	8606	c.mv	x12,x1	  x0:0x00000000  x1:0x00000000 x12=0x00000000
            124	        58	002008fc	8686	c.mv	x13,x1	  x0:0x00000000  x1:0x00000000 x13=0x00000000
            130	        61	002008fe	8706	c.mv	x14,x1	  x0:0x00000000  x1:0x00000000 x14=0x00000000
            136	        64	00200900	8786	c.mv	x15,x1	  x0:0x00000000  x1:0x00000000 x15=0x00000000
            142	        67	00200902	8806	c.mv	x16,x1	  x0:0x00000000  x1:0x00000000 x16=0x00000000
            150	        71	00200904	8886	c.mv	x17,x1	  x0:0x00000000  x1:0x00000000 x17=0x00000000
            158	        75	00200906	8906	c.mv	x18,x1	  x0:0x00000000  x1:0x00000000 x18=0x00000000
            166	        79	00200908	8986	c.mv	x19,x1	  x0:0x00000000  x1:0x00000000 x19=0x00000000
            174	        83	0020090a	8a06	c.mv	x20,x1	  x0:0x00000000  x1:0x00000000 x20=0x00000000
            182	        87	0020090c	8a86	c.mv	x21,x1	  x0:0x00000000  x1:0x00000000 x21=0x00000000
            190	        91	0020090e	8b06	c.mv	x22,x1	  x0:0x00000000  x1:0x00000000 x22=0x00000000
            198	        95	00200910	8b86	c.mv	x23,x1	  x0:0x00000000  x1:0x00000000 x23=0x00000000
            206	        99	00200912	8c06	c.mv	x24,x1	  x0:0x00000000  x1:0x00000000 x24=0x00000000
            214	       103	00200914	8c86	c.mv	x25,x1	  x0:0x00000000  x1:0x00000000 x25=0x00000000
            222	       107	00200916	8d06	c.mv	x26,x1	  x0:0x00000000  x1:0x00000000 x26=0x00000000
            230	       111	00200918	8d86	c.mv	x27,x1	  x0:0x00000000  x1:0x00000000 x27=0x00000000
            238	       115	0020091a	8e06	c.mv	x28,x1	  x0:0x00000000  x1:0x00000000 x28=0x00000000
            246	       119	0020091c	8e86	c.mv	x29,x1	  x0:0x00000000  x1:0x00000000 x29=0x00000000
            254	       123	0020091e	8f06	c.mv	x30,x1	  x0:0x00000000  x1:0x00000000 x30=0x00000000
            262	       127	00200920	8f86	c.mv	x31,x1	  x0:0x00000000  x1:0x00000000 x31=0x00000000
            270	       131	00200922	000ff117	auipc	x2,0xff	  x2=0x002ff922
            276	       134	00200926	6de10113	addi	x2,x2,1758	  x2:0x002ff922  x2=0x00300000
            284	       138	0020092a	00000d17	auipc	x26,0x0	 x26=0x0020092a
            290	       141	0020092e	1e6d0d13	addi	x26,x26,486	 x26:0x0020092a x26=0x00200b10
            298	       145	00200932	00000d97	auipc	x27,0x0	 x27=0x00200932
            304	       148	00200936	1eed8d93	addi	x27,x27,494	 x27:0x00200932 x27=0x00200b20
            312	       152	0020093a	01bd5763	bge	x26,x27,200948	 x26:0x00200b10 x27:0x00200b20  x0=0x00000000
            320	       156	0020093e	000d2023	sw	x0,0(x26)	 x26:0x00200b10  x0:0x00000000 PA:0x00200b10 store:0x00000000 load:0x00000000
            324	       158	00200942	0d11	c.addi	x26,4	 x26:0x00200b10 x26=0x00200b14
            334	       163	00200944	ffaddde3	bge	x27,x26,20093e	 x27:0x00200b20 x26:0x00200b14  x0=0x00000000
            346	       169	0020093e	000d2023	sw	x0,0(x26)	 x26:0x00200b14  x0:0x00000000 PA:0x00200b14 store:0x00000000 load:0x00000000
            350	       171	00200942	0d11	c.addi	x26,4	 x26:0x00200b14 x26=0x00200b18
            360	       176	00200944	ffaddde3	bge	x27,x26,20093e	 x27:0x00200b20 x26:0x00200b18  x0=0x00000000
            372	       182	0020093e	000d2023	sw	x0,0(x26)	 x26:0x00200b18  x0:0x00000000 PA:0x00200b18 store:0x00000000 load:0x00000000
            376	       184	00200942	0d11	c.addi	x26,4	 x26:0x00200b18 x26=0x00200b1c
            386	       189	00200944	ffaddde3	bge	x27,x26,20093e	 x27:0x00200b20 x26:0x00200b1c  x0=0x00000000
            398	       195	0020093e	000d2023	sw	x0,0(x26)	 x26:0x00200b1c  x0:0x00000000 PA:0x00200b1c store:0x00000000 load:0x00000000
            402	       197	00200942	0d11	c.addi	x26,4	 x26:0x00200b1c x26=0x00200b20
            412	       202	00200944	ffaddde3	bge	x27,x26,20093e	 x27:0x00200b20 x26:0x00200b20  x0=0x00000000
            424	       208	0020093e	000d2023	sw	x0,0(x26)	 x26:0x00200b20  x0:0x00000000 PA:0x00200b20 store:0x00000000 load:0x00000000
            428	       210	00200942	0d11	c.addi	x26,4	 x26:0x00200b20 x26=0x00200b24
            436	       214	00200944	ffaddde3	bge	x27,x26,20093e	 x27:0x00200b20 x26:0x00200b24  x0=0x00000000
            440	       216	00200948	00000513	addi	x10,x0,0	  x0:0x00000000 x10=0x00000000
            446	       219	0020094c	00000593	addi	x11,x0,0	  x0:0x00000000 x11=0x00000000
            456	       224	00200950	0be000ef	jal	x1,200a0e	  x1=0x00200954
            466	       229	00200a0e	00000797	auipc	x15,0x0	 x15=0x00200a0e
            468	       230	00200a12	04678793	addi	x15,x15,70	 x15:0x00200a0e x15=0x00200a54
            476	       234	00200a16	0007a883	lw	x17,0(x15)	 x15:0x00200a54 x17=0x73616c61 PA:0x00200a54 store:0x00000000
            484	       238	00200a1a	0047a803	lw	x16,4(x15)	 x15:0x00200a54 x16=0x616c616b PA:0x00200a58 store:0x00000000
            492	       242	00200a1e	4794	c.lw	x13,8(x15)	 x15:0x00200a54 x13=0x21616b73 PA:0x00200a5c store:0x00200954
            496	       244	00200a20	00c7d703	lhu	x14,12(x15)	 x15:0x00200a54 x14=0x00002121 PA:0x00200a60 store:0x00000000
            500	       246	00200a24	00e7c783	lbu	x15,14(x15)	 x15:0x00200a54 x15=0x00000000 PA:0x00200a62 store:0x00002121
            504	       248	00200a28	7119	c.addi16sp	x2,-128	  x2:0x00300000  x2=0x002fff80
            510	       251	00200a2a	05500613	addi	x12,x0,85	  x0:0x00000000 x12=0x00000055
            514	       253	00200a2e	4581	c.li	x11,0	 x11=0x00000000
            520	       256	00200a30	01b10513	addi	x10,x2,27	  x2:0x002fff80 x10=0x002fff9b
            530	       261	00200a34	de86	c.swsp	x1,124(x2)	  x2:0x002fff80  x1:0x00200954 PA:0x002ffffc store:0x00200954 load:0x00000000
            538	       265	00200a36	c646	c.swsp	x17,12(x2)	  x2:0x002fff80 x17:0x73616c61 PA:0x002fff8c store:0x73616c61 load:0x00000000
            546	       269	00200a38	c842	c.swsp	x16,16(x2)	  x2:0x002fff80 x16:0x616c616b PA:0x002fff90 store:0x616c616b load:0x00000000
            552	       272	00200a3a	ca36	c.swsp	x13,20(x2)	  x2:0x002fff80 x13:0x21616b73 PA:0x002fff94 store:0x21616b73 load:0x00000000
            558	       275	00200a3c	00e11c23	sh	x14,24(x2)	  x2:0x002fff80 x14:0x00002121 PA:0x002fff98 store:0x00002121 load:0x00000000
            564	       278	00200a40	00f10d23	sb	x15,26(x2)	  x2:0x002fff80 x15:0x00000000 PA:0x002fff9a store:0x00000000 load:0x00000000
            572	       282	00200a44	370d	c.jal	200966	  x1=0x00200a46
            578	       285	00200966	433d	c.li	x6,15	  x6=0x0000000f
            586	       289	00200968	872a	c.mv	x14,x10	  x0:0x00000000 x10:0x002fff9b x14=0x002fff9b
            590	       291	0020096a	02c37363	bgeu	x6,x12,200990	  x6:0x0000000f x12:0x00000055  x0=0x00000000
            592	       292	0020096e	00f77793	andi	x15,x14,15	 x14:0x002fff9b x15=0x0000000b
            598	       295	00200972	efbd	c.bnez	x15,2009f0	 x15:0x0000000b
            606	       299	002009f0	00279693	slli	x13,x15,0x2	 x15:0x0000000b x13=0x0000002c
            612	       302	002009f4	00000297	auipc	x5,0x0	  x5=0x002009f4
            618	       305	002009f8	9696	c.add	x13,x5	 x13:0x0000002c  x5:0x002009f4 x13=0x00200a20
            624	       308	002009fa	8286	c.mv	x5,x1	  x0:0x00000000  x1:0x00200a46  x5=0x00200a46
            632	       312	002009fc	fa8680e7	jalr	x1,-88(x13)	 x13:0x00200a20  x1=0x00200a00
            640	       316	002009c8	00b70223	sb	x11,4(x14)	 x14:0x002fff9b x11:0x00000000 PA:0x002fff9f store:0x00000000 load:0x00000000
            646	       319	002009cc	00b701a3	sb	x11,3(x14)	 x14:0x002fff9b x11:0x00000000 PA:0x002fff9e store:0x00000000 load:0x00000000
            652	       322	002009d0	00b70123	sb	x11,2(x14)	 x14:0x002fff9b x11:0x00000000 PA:0x002fff9d store:0x00000000 load:0x00000000
            658	       325	002009d4	00b700a3	sb	x11,1(x14)	 x14:0x002fff9b x11:0x00000000 PA:0x002fff9c store:0x00000000 load:0x00000000
            664	       328	002009d8	00b70023	sb	x11,0(x14)	 x14:0x002fff9b x11:0x00000000 PA:0x002fff9b store:0x00000000 load:0x00000000
            672	       332	002009dc	8082	c.jr	x1	  x1:0x00200a00
            678	       335	00200a00	8096	c.mv	x1,x5	  x0:0x00000000  x5:0x00200a46  x1=0x00200a46
            682	       337	00200a02	17c1	c.addi	x15,-16	 x15:0x0000000b x15=0xfffffffb
            684	       338	00200a04	8f1d	c.sub	x14,x15	 x14:0x002fff9b x15:0xfffffffb x14=0x002fffa0
            686	       339	00200a06	963e	c.add	x12,x15	 x12:0x00000055 x15:0xfffffffb x12=0x00000050
            690	       341	00200a08	f8c374e3	bgeu	x6,x12,200990	  x6:0x0000000f x12:0x00000050  x0=0x00000000
            698	       345	00200a0c	b7a5	c.j	200974	
            704	       348	00200974	e5ad	c.bnez	x11,2009de	 x11:0x00000000
            706	       349	00200976	ff067693	andi	x13,x12,-16	 x12:0x00000050 x13=0x00000050
            708	       350	0020097a	8a3d	c.andi	x12,15	 x12:0x00000050 x12=0x00000000
            710	       351	0020097c	96ba	c.add	x13,x14	 x13:0x00000050 x14:0x002fffa0 x13=0x002ffff0
            716	       354	0020097e	c30c	c.sw	x11,0(x14)	 x14:0x002fffa0 x11:0x00000000 PA:0x002fffa0 store:0x00000000 load:0x00000000
            722	       357	00200980	c34c	c.sw	x11,4(x14)	 x14:0x002fffa0 x11:0x00000000 PA:0x002fffa4 store:0x00000000 load:0x00000000
            728	       360	00200982	c70c	c.sw	x11,8(x14)	 x14:0x002fffa0 x11:0x00000000 PA:0x002fffa8 store:0x00000000 load:0x00000000
            734	       363	00200984	c74c	c.sw	x11,12(x14)	 x14:0x002fffa0 x11:0x00000000 PA:0x002fffac store:0x00000000 load:0x00000000
            736	       364	00200986	0741	c.addi	x14,16	 x14:0x002fffa0 x14=0x002fffb0
            740	       366	00200988	fed76be3	bltu	x14,x13,20097e	 x14:0x002fffb0 x13:0x002ffff0  x0=0x00000000
            750	       371	0020097e	c30c	c.sw	x11,0(x14)	 x14:0x002fffb0 x11:0x00000000 PA:0x002fffb0 store:0x00000000 load:0x00000000
            756	       374	00200980	c34c	c.sw	x11,4(x14)	 x14:0x002fffb0 x11:0x00000000 PA:0x002fffb4 store:0x00000000 load:0x00000000
            762	       377	00200982	c70c	c.sw	x11,8(x14)	 x14:0x002fffb0 x11:0x00000000 PA:0x002fffb8 store:0x00000000 load:0x00000000
            768	       380	00200984	c74c	c.sw	x11,12(x14)	 x14:0x002fffb0 x11:0x00000000 PA:0x002fffbc store:0x00000000 load:0x00000000
            770	       381	00200986	0741	c.addi	x14,16	 x14:0x002fffb0 x14=0x002fffc0
            774	       383	00200988	fed76be3	bltu	x14,x13,20097e	 x14:0x002fffc0 x13:0x002ffff0  x0=0x00000000
            784	       388	0020097e	c30c	c.sw	x11,0(x14)	 x14:0x002fffc0 x11:0x00000000 PA:0x002fffc0 store:0x00000000 load:0x00000000
            790	       391	00200980	c34c	c.sw	x11,4(x14)	 x14:0x002fffc0 x11:0x00000000 PA:0x002fffc4 store:0x00000000 load:0x00000000
            796	       394	00200982	c70c	c.sw	x11,8(x14)	 x14:0x002fffc0 x11:0x00000000 PA:0x002fffc8 store:0x00000000 load:0x00000000
            802	       397	00200984	c74c	c.sw	x11,12(x14)	 x14:0x002fffc0 x11:0x00000000 PA:0x002fffcc store:0x00000000 load:0x00000000
            804	       398	00200986	0741	c.addi	x14,16	 x14:0x002fffc0 x14=0x002fffd0
            808	       400	00200988	fed76be3	bltu	x14,x13,20097e	 x14:0x002fffd0 x13:0x002ffff0  x0=0x00000000
            818	       405	0020097e	c30c	c.sw	x11,0(x14)	 x14:0x002fffd0 x11:0x00000000 PA:0x002fffd0 store:0x00000000 load:0x00000000
            824	       408	00200980	c34c	c.sw	x11,4(x14)	 x14:0x002fffd0 x11:0x00000000 PA:0x002fffd4 store:0x00000000 load:0x00000000
            830	       411	00200982	c70c	c.sw	x11,8(x14)	 x14:0x002fffd0 x11:0x00000000 PA:0x002fffd8 store:0x00000000 load:0x00000000
            836	       414	00200984	c74c	c.sw	x11,12(x14)	 x14:0x002fffd0 x11:0x00000000 PA:0x002fffdc store:0x00000000 load:0x00000000
            838	       415	00200986	0741	c.addi	x14,16	 x14:0x002fffd0 x14=0x002fffe0
            842	       417	00200988	fed76be3	bltu	x14,x13,20097e	 x14:0x002fffe0 x13:0x002ffff0  x0=0x00000000
            852	       422	0020097e	c30c	c.sw	x11,0(x14)	 x14:0x002fffe0 x11:0x00000000 PA:0x002fffe0 store:0x00000000 load:0x00000000
            858	       425	00200980	c34c	c.sw	x11,4(x14)	 x14:0x002fffe0 x11:0x00000000 PA:0x002fffe4 store:0x00000000 load:0x00000000
            864	       428	00200982	c70c	c.sw	x11,8(x14)	 x14:0x002fffe0 x11:0x00000000 PA:0x002fffe8 store:0x00000000 load:0x00000000
            870	       431	00200984	c74c	c.sw	x11,12(x14)	 x14:0x002fffe0 x11:0x00000000 PA:0x002fffec store:0x00000000 load:0x00000000
            872	       432	00200986	0741	c.addi	x14,16	 x14:0x002fffe0 x14=0x002ffff0
            874	       433	00200988	fed76be3	bltu	x14,x13,20097e	 x14:0x002ffff0 x13:0x002ffff0  x0=0x00000000
            878	       435	0020098c	e211	c.bnez	x12,200990	 x12:0x00000000
            886	       439	0020098e	8082	c.jr	x1	  x1:0x00200a46
            890	       441	00200a46	0068	c.addi4spn	x10,x2,12	 x10=0x002fff8c
            900	       446	00200a48	f66ff0ef	jal	x1,2001ae	  x1=0x00200a4c
            912	       452	002001ae	00054783	lbu	x15,0(x10)	 x10:0x002fff8c x15=0x00000061 PA:0x002fff8c store:0x00000000
            916	       454	002001b2	cb81	c.beqz	x15,2001c2	 x15:0x00000061
            922	       457	002001b4	00020737	lui	x14,0x20	 x14=0x00020000
            926	       459	002001b8	0505	c.addi	x10,1	 x10:0x002fff8c x10=0x002fff8d
            932	       462	002001ba	c31c	c.sw	x15,0(x14)	 x14:0x00020000 x15:0x00000061 PA:0x00020000 store:0x00000061 load:0x00000000
            940	       466	002001bc	00054783	lbu	x15,0(x10)	 x10:0x002fff8d x15=0x0000006c PA:0x002fff8d store:0x00000000
            946	       469	002001c0	ffe5	c.bnez	x15,2001b8	 x15:0x0000006c
            954	       473	002001b8	0505	c.addi	x10,1	 x10:0x002fff8d x10=0x002fff8e
            960	       476	002001ba	c31c	c.sw	x15,0(x14)	 x14:0x00020000 x15:0x0000006c PA:0x00020000 store:0x0000006c load:0x00000000
            968	       480	002001bc	00054783	lbu	x15,0(x10)	 x10:0x002fff8e x15=0x00000061 PA:0x002fff8e store:0x00000000
            974	       483	002001c0	ffe5	c.bnez	x15,2001b8	 x15:0x00000061
            982	       487	002001b8	0505	c.addi	x10,1	 x10:0x002fff8e x10=0x002fff8f
            988	       490	002001ba	c31c	c.sw	x15,0(x14)	 x14:0x00020000 x15:0x00000061 PA:0x00020000 store:0x00000061 load:0x00000000
            996	       494	002001bc	00054783	lbu	x15,0(x10)	 x10:0x002fff8f x15=0x00000073 PA:0x002fff8f store:0x00000000
           1002	       497	002001c0	ffe5	c.bnez	x15,2001b8	 x15:0x00000073
           1010	       501	002001b8	0505	c.addi	x10,1	 x10:0x002fff8f x10=0x002fff90
           1016	       504	002001ba	c31c	c.sw	x15,0(x14)	 x14:0x00020000 x15:0x00000073 PA:0x00020000 store:0x00000073 load:0x00000000
           1024	       508	002001bc	00054783	lbu	x15,0(x10)	 x10:0x002fff90 x15=0x0000006b PA:0x002fff90 store:0x00000000
           1030	       511	002001c0	ffe5	c.bnez	x15,2001b8	 x15:0x0000006b
           1038	       515	002001b8	0505	c.addi	x10,1	 x10:0x002fff90 x10=0x002fff91
           1044	       518	002001ba	c31c	c.sw	x15,0(x14)	 x14:0x00020000 x15:0x0000006b PA:0x00020000 store:0x0000006b load:0x00000000
           1052	       522	002001bc	00054783	lbu	x15,0(x10)	 x10:0x002fff91 x15=0x00000061 PA:0x002fff91 store:0x00000000
           1058	       525	002001c0	ffe5	c.bnez	x15,2001b8	 x15:0x00000061
           1066	       529	002001b8	0505	c.addi	x10,1	 x10:0x002fff91 x10=0x002fff92
           1072	       532	002001ba	c31c	c.sw	x15,0(x14)	 x14:0x00020000 x15:0x00000061 PA:0x00020000 store:0x00000061 load:0x00000000
           1080	       536	002001bc	00054783	lbu	x15,0(x10)	 x10:0x002fff92 x15=0x0000006c PA:0x002fff92 store:0x00000000
           1086	       539	002001c0	ffe5	c.bnez	x15,2001b8	 x15:0x0000006c
           1094	       543	002001b8	0505	c.addi	x10,1	 x10:0x002fff92 x10=0x002fff93
           1100	       546	002001ba	c31c	c.sw	x15,0(x14)	 x14:0x00020000 x15:0x0000006c PA:0x00020000 store:0x0000006c load:0x00000000
           1108	       550	002001bc	00054783	lbu	x15,0(x10)	 x10:0x002fff93 x15=0x00000061 PA:0x002fff93 store:0x00000000
           1114	       553	002001c0	ffe5	c.bnez	x15,2001b8	 x15:0x00000061
           1122	       557	002001b8	0505	c.addi	x10,1	 x10:0x002fff93 x10=0x002fff94
           1128	       560	002001ba	c31c	c.sw	x15,0(x14)	 x14:0x00020000 x15:0x00000061 PA:0x00020000 store:0x00000061 load:0x00000000
           1136	       564	002001bc	00054783	lbu	x15,0(x10)	 x10:0x002fff94 x15=0x00000073 PA:0x002fff94 store:0x00000000
           1142	       567	002001c0	ffe5	c.bnez	x15,2001b8	 x15:0x00000073
           1150	       571	002001b8	0505	c.addi	x10,1	 x10:0x002fff94 x10=0x002fff95
           1156	       574	002001ba	c31c	c.sw	x15,0(x14)	 x14:0x00020000 x15:0x00000073 PA:0x00020000 store:0x00000073 load:0x00000000
           1164	       578	002001bc	00054783	lbu	x15,0(x10)	 x10:0x002fff95 x15=0x0000006b PA:0x002fff95 store:0x00000000
           1170	       581	002001c0	ffe5	c.bnez	x15,2001b8	 x15:0x0000006b
           1178	       585	002001b8	0505	c.addi	x10,1	 x10:0x002fff95 x10=0x002fff96
           1184	       588	002001ba	c31c	c.sw	x15,0(x14)	 x14:0x00020000 x15:0x0000006b PA:0x00020000 store:0x0000006b load:0x00000000
           1192	       592	002001bc	00054783	lbu	x15,0(x10)	 x10:0x002fff96 x15=0x00000061 PA:0x002fff96 store:0x00000000
           1198	       595	002001c0	ffe5	c.bnez	x15,2001b8	 x15:0x00000061
           1206	       599	002001b8	0505	c.addi	x10,1	 x10:0x002fff96 x10=0x002fff97
           1212	       602	002001ba	c31c	c.sw	x15,0(x14)	 x14:0x00020000 x15:0x00000061 PA:0x00020000 store:0x00000061 load:0x00000000
           1220	       606	002001bc	00054783	lbu	x15,0(x10)	 x10:0x002fff97 x15=0x00000021 PA:0x002fff97 store:0x00000000
           1226	       609	002001c0	ffe5	c.bnez	x15,2001b8	 x15:0x00000021
           1234	       613	002001b8	0505	c.addi	x10,1	 x10:0x002fff97 x10=0x002fff98
           1240	       616	002001ba	c31c	c.sw	x15,0(x14)	 x14:0x00020000 x15:0x00000021 PA:0x00020000 store:0x00000021 load:0x00000000
           1248	       620	002001bc	00054783	lbu	x15,0(x10)	 x10:0x002fff98 x15=0x00000021 PA:0x002fff98 store:0x00000000
           1254	       623	002001c0	ffe5	c.bnez	x15,2001b8	 x15:0x00000021
           1262	       627	002001b8	0505	c.addi	x10,1	 x10:0x002fff98 x10=0x002fff99
           1268	       630	002001ba	c31c	c.sw	x15,0(x14)	 x14:0x00020000 x15:0x00000021 PA:0x00020000 store:0x00000021 load:0x00000000
           1276	       634	002001bc	00054783	lbu	x15,0(x10)	 x10:0x002fff99 x15=0x00000021 PA:0x002fff99 store:0x00000000
           1282	       637	002001c0	ffe5	c.bnez	x15,2001b8	 x15:0x00000021
           1290	       641	002001b8	0505	c.addi	x10,1	 x10:0x002fff99 x10=0x002fff9a
           1296	       644	002001ba	c31c	c.sw	x15,0(x14)	 x14:0x00020000 x15:0x00000021 PA:0x00020000 store:0x00000021 load:0x00000000
           1304	       648	002001bc	00054783	lbu	x15,0(x10)	 x10:0x002fff9a x15=0x00000000 PA:0x002fff9a store:0x00000000
           1308	       650	002001c0	ffe5	c.bnez	x15,2001b8	 x15:0x00000000
           1312	       652	002001c2	4501	c.li	x10,0	 x10=0x00000000
           1322	       657	002001c4	8082	c.jr	x1	  x1:0x00200a4c
           1330	       661	00200a4c	50f6	c.lwsp	x1,124(x2)	  x2:0x002fff80  x1=0x00200954 PA:0x002ffffc store:0x00000000
           1336	       664	00200a4e	4501	c.li	x10,0	 x10=0x00000000
           1342	       667	00200a50	6109	c.addi16sp	x2,128	  x2:0x002fff80  x2=0x00300000
           1352	       672	00200a52	8082	c.jr	x1	  x1:0x00200954
           1358	       675	00200954	000202b7	lui	x5,0x20	  x5=0x00020000
           1364	       678	00200958	02a1	c.addi	x5,8	  x5:0x00020000  x5=0x00020008
           1370	       681	0020095a	4305	c.li	x6,1	  x6=0x00000001
           1380	       686	0020095c	0062a023	sw	x6,0(x5)	  x5:0x00020008  x6:0x00000001 PA:0x00020008 store:0x00000001 load:0x00000000
