Time	Cycle	PC	Insn	Decoded instruction	Register and memory contents
             22	         7	00200080	0630006f	jal	x0,2008e2	  x0=0x00000000
             26	         9	002008e2	00000093	addi	x1,x0,0	  x0:0x00000000  x1=0x00000000
             32	        12	002008e6	8106	c.mv	x2,x1	  x0:0x00000000  x1:0x00000000  x2=0x00000000
             38	        15	002008e8	8186	c.mv	x3,x1	  x0:0x00000000  x1:0x00000000  x3=0x00000000
             44	        18	002008ea	8206	c.mv	x4,x1	  x0:0x00000000  x1:0x00000000  x4=0x00000000
             50	        21	002008ec	8286	c.mv	x5,x1	  x0:0x00000000  x1:0x00000000  x5=0x00000000
             56	        24	002008ee	8306	c.mv	x6,x1	  x0:0x00000000  x1:0x00000000  x6=0x00000000
             62	        27	002008f0	8386	c.mv	x7,x1	  x0:0x00000000  x1:0x00000000  x7=0x00000000
             68	        30	002008f2	8406	c.mv	x8,x1	  x0:0x00000000  x1:0x00000000  x8=0x00000000
             74	        33	002008f4	8486	c.mv	x9,x1	  x0:0x00000000  x1:0x00000000  x9=0x00000000
             80	        36	002008f6	8506	c.mv	x10,x1	  x0:0x00000000  x1:0x00000000 x10=0x00000000
             86	        39	002008f8	8586	c.mv	x11,x1	  x0:0x00000000  x1:0x00000000 x11=0x00000000
             92	        42	002008fa	8606	c.mv	x12,x1	  x0:0x00000000  x1:0x00000000 x12=0x00000000
             96	        44	002008fc	8686	c.mv	x13,x1	  x0:0x00000000  x1:0x00000000 x13=0x00000000
            100	        46	002008fe	8706	c.mv	x14,x1	  x0:0x00000000  x1:0x00000000 x14=0x00000000
            104	        48	00200900	8786	c.mv	x15,x1	  x0:0x00000000  x1:0x00000000 x15=0x00000000
            108	        50	00200902	8806	c.mv	x16,x1	  x0:0x00000000  x1:0x00000000 x16=0x00000000
            114	        53	00200904	8886	c.mv	x17,x1	  x0:0x00000000  x1:0x00000000 x17=0x00000000
            120	        56	00200906	8906	c.mv	x18,x1	  x0:0x00000000  x1:0x00000000 x18=0x00000000
            126	        59	00200908	8986	c.mv	x19,x1	  x0:0x00000000  x1:0x00000000 x19=0x00000000
            132	        62	0020090a	8a06	c.mv	x20,x1	  x0:0x00000000  x1:0x00000000 x20=0x00000000
            138	        65	0020090c	8a86	c.mv	x21,x1	  x0:0x00000000  x1:0x00000000 x21=0x00000000
            144	        68	0020090e	8b06	c.mv	x22,x1	  x0:0x00000000  x1:0x00000000 x22=0x00000000
            150	        71	00200910	8b86	c.mv	x23,x1	  x0:0x00000000  x1:0x00000000 x23=0x00000000
            156	        74	00200912	8c06	c.mv	x24,x1	  x0:0x00000000  x1:0x00000000 x24=0x00000000
            162	        77	00200914	8c86	c.mv	x25,x1	  x0:0x00000000  x1:0x00000000 x25=0x00000000
            168	        80	00200916	8d06	c.mv	x26,x1	  x0:0x00000000  x1:0x00000000 x26=0x00000000
            174	        83	00200918	8d86	c.mv	x27,x1	  x0:0x00000000  x1:0x00000000 x27=0x00000000
            180	        86	0020091a	8e06	c.mv	x28,x1	  x0:0x00000000  x1:0x00000000 x28=0x00000000
            186	        89	0020091c	8e86	c.mv	x29,x1	  x0:0x00000000  x1:0x00000000 x29=0x00000000
            192	        92	0020091e	8f06	c.mv	x30,x1	  x0:0x00000000  x1:0x00000000 x30=0x00000000
            198	        95	00200920	8f86	c.mv	x31,x1	  x0:0x00000000  x1:0x00000000 x31=0x00000000
            204	        98	00200922	000ff117	auipc	x2,0xff	  x2=0x002ff922
            212	       102	00200926	6de10113	addi	x2,x2,1758	  x2:0x002ff922  x2=0x00300000
            216	       104	0020092a	00000d17	auipc	x26,0x0	 x26=0x0020092a
            224	       108	0020092e	1e6d0d13	addi	x26,x26,486	 x26:0x0020092a x26=0x00200b10
            228	       110	00200932	00000d97	auipc	x27,0x0	 x27=0x00200932
            234	       113	00200936	1eed8d93	addi	x27,x27,494	 x27:0x00200932 x27=0x00200b20
            242	       117	0020093a	01bd5763	bge	x26,x27,200948	 x26:0x00200b10 x27:0x00200b20  x0=0x00000000
            248	       120	0020093e	000d2023	sw	x0,0(x26)	 x26:0x00200b10  x0:0x00000000 PA:0x00200b10 store:0x00000000 load:0x00000000
            254	       123	00200942	0d11	c.addi	x26,4	 x26:0x00200b10 x26=0x00200b14
            264	       128	00200944	ffaddde3	bge	x27,x26,20093e	 x27:0x00200b20 x26:0x00200b14  x0=0x00000000
            274	       133	0020093e	000d2023	sw	x0,0(x26)	 x26:0x00200b14  x0:0x00000000 PA:0x00200b14 store:0x00000000 load:0x00000000
            280	       136	00200942	0d11	c.addi	x26,4	 x26:0x00200b14 x26=0x00200b18
            290	       141	00200944	ffaddde3	bge	x27,x26,20093e	 x27:0x00200b20 x26:0x00200b18  x0=0x00000000
            300	       146	0020093e	000d2023	sw	x0,0(x26)	 x26:0x00200b18  x0:0x00000000 PA:0x00200b18 store:0x00000000 load:0x00000000
            306	       149	00200942	0d11	c.addi	x26,4	 x26:0x00200b18 x26=0x00200b1c
            316	       154	00200944	ffaddde3	bge	x27,x26,20093e	 x27:0x00200b20 x26:0x00200b1c  x0=0x00000000
            326	       159	0020093e	000d2023	sw	x0,0(x26)	 x26:0x00200b1c  x0:0x00000000 PA:0x00200b1c store:0x00000000 load:0x00000000
            332	       162	00200942	0d11	c.addi	x26,4	 x26:0x00200b1c x26=0x00200b20
            342	       167	00200944	ffaddde3	bge	x27,x26,20093e	 x27:0x00200b20 x26:0x00200b20  x0=0x00000000
            352	       172	0020093e	000d2023	sw	x0,0(x26)	 x26:0x00200b20  x0:0x00000000 PA:0x00200b20 store:0x00000000 load:0x00000000
            358	       175	00200942	0d11	c.addi	x26,4	 x26:0x00200b20 x26=0x00200b24
            366	       179	00200944	ffaddde3	bge	x27,x26,20093e	 x27:0x00200b20 x26:0x00200b24  x0=0x00000000
            368	       180	00200948	00000513	addi	x10,x0,0	  x0:0x00000000 x10=0x00000000
            372	       182	0020094c	00000593	addi	x11,x0,0	  x0:0x00000000 x11=0x00000000
            380	       186	00200950	0be000ef	jal	x1,200a0e	  x1=0x00200954
            386	       189	00200a0e	00000797	auipc	x15,0x0	 x15=0x00200a0e
            390	       191	00200a12	04678793	addi	x15,x15,70	 x15:0x00200a0e x15=0x00200a54
            394	       193	00200a16	0007a883	lw	x17,0(x15)	 x15:0x00200a54 x17=0x73616c61 PA:0x00200a54 store:0x00000000
            402	       197	00200a1a	0047a803	lw	x16,4(x15)	 x15:0x00200a54 x16=0x616c616b PA:0x00200a58 store:0x00000000
            410	       201	00200a1e	4794	c.lw	x13,8(x15)	 x15:0x00200a54 x13=0x21616b73 PA:0x00200a5c store:0x00000000
            414	       203	00200a20	00c7d703	lhu	x14,12(x15)	 x15:0x00200a54 x14=0x00002121 PA:0x00200a60 store:0x00000000
            418	       205	00200a24	00e7c783	lbu	x15,14(x15)	 x15:0x00200a54 x15=0x00000000 PA:0x00200a62 store:0x00002121
            422	       207	00200a28	7119	c.addi16sp	x2,-128	  x2:0x00300000  x2=0x002fff80
            428	       210	00200a2a	05500613	addi	x12,x0,85	  x0:0x00000000 x12=0x00000055
            430	       211	00200a2e	4581	c.li	x11,0	 x11=0x00000000
            438	       215	00200a30	01b10513	addi	x10,x2,27	  x2:0x002fff80 x10=0x002fff9b
            448	       220	00200a34	de86	c.swsp	x1,124(x2)	  x2:0x002fff80  x1:0x00200954 PA:0x002ffffc store:0x00200954 load:0x00000000
            456	       224	00200a36	c646	c.swsp	x17,12(x2)	  x2:0x002fff80 x17:0x73616c61 PA:0x002fff8c store:0x73616c61 load:0x00000000
            464	       228	00200a38	c842	c.swsp	x16,16(x2)	  x2:0x002fff80 x16:0x616c616b PA:0x002fff90 store:0x616c616b load:0x00000000
            470	       231	00200a3a	ca36	c.swsp	x13,20(x2)	  x2:0x002fff80 x13:0x21616b73 PA:0x002fff94 store:0x21616b73 load:0x00000000
            476	       234	00200a3c	00e11c23	sh	x14,24(x2)	  x2:0x002fff80 x14:0x00002121 PA:0x002fff98 store:0x00002121 load:0x00000000
            482	       237	00200a40	00f10d23	sb	x15,26(x2)	  x2:0x002fff80 x15:0x00000000 PA:0x002fff9a store:0x00000000 load:0x00000000
            490	       241	00200a44	370d	c.jal	200966	  x1=0x00200a46
            494	       243	00200966	433d	c.li	x6,15	  x6=0x0000000f
            500	       246	00200968	872a	c.mv	x14,x10	  x0:0x00000000 x10:0x002fff9b x14=0x002fff9b
            504	       248	0020096a	02c37363	bgeu	x6,x12,200990	  x6:0x0000000f x12:0x00000055  x0=0x00000000
            506	       249	0020096e	00f77793	andi	x15,x14,15	 x14:0x002fff9b x15=0x0000000b
            510	       251	00200972	efbd	c.bnez	x15,2009f0	 x15:0x0000000b
            518	       255	002009f0	00279693	slli	x13,x15,0x2	 x15:0x0000000b x13=0x0000002c
            520	       256	002009f4	00000297	auipc	x5,0x0	  x5=0x002009f4
            526	       259	002009f8	9696	c.add	x13,x5	 x13:0x0000002c  x5:0x002009f4 x13=0x00200a20
            530	       261	002009fa	8286	c.mv	x5,x1	  x0:0x00000000  x1:0x00200a46  x5=0x00200a46
            538	       265	002009fc	fa8680e7	jalr	x1,-88(x13)	 x13:0x00200a20  x1=0x00200a00
            546	       269	002009c8	00b70223	sb	x11,4(x14)	 x14:0x002fff9b x11:0x00000000 PA:0x002fff9f store:0x00000000 load:0x00000000
            552	       272	002009cc	00b701a3	sb	x11,3(x14)	 x14:0x002fff9b x11:0x00000000 PA:0x002fff9e store:0x00000000 load:0x00000000
            558	       275	002009d0	00b70123	sb	x11,2(x14)	 x14:0x002fff9b x11:0x00000000 PA:0x002fff9d store:0x00000000 load:0x00000000
            564	       278	002009d4	00b700a3	sb	x11,1(x14)	 x14:0x002fff9b x11:0x00000000 PA:0x002fff9c store:0x00000000 load:0x00000000
            570	       281	002009d8	00b70023	sb	x11,0(x14)	 x14:0x002fff9b x11:0x00000000 PA:0x002fff9b store:0x00000000 load:0x00000000
            576	       284	002009dc	8082	c.jr	x1	  x1:0x00200a00
            580	       286	00200a00	8096	c.mv	x1,x5	  x0:0x00000000  x5:0x00000000  x1=0x00000000
            586	       289	00200a02	17c1	c.addi	x15,-16	 x15:0x0000000b x15=0xfffffffb
            588	       290	00200a04	8f1d	c.sub	x14,x15	 x14:0x002fff9b x15:0xfffffffb x14=0x002fffa0
            590	       291	00200a06	963e	c.add	x12,x15	 x12:0x00000055 x15:0xfffffffb x12=0x00000050
            594	       293	00200a08	f8c374e3	bgeu	x6,x12,200990	  x6:0x0000000f x12:0x00000050  x0=0x00000000
            602	       297	00200a0c	b7a5	c.j	200974	
            606	       299	00200974	e5ad	c.bnez	x11,2009de	 x11:0x00000000
            610	       301	00200976	ff067693	andi	x13,x12,-16	 x12:0x00000050 x13=0x00000050
            612	       302	0020097a	8a3d	c.andi	x12,15	 x12:0x00000050 x12=0x00000000
            614	       303	0020097c	96ba	c.add	x13,x14	 x13:0x00000050 x14:0x002fffa0 x13=0x002ffff0
            620	       306	0020097e	c30c	c.sw	x11,0(x14)	 x14:0x002fffa0 x11:0x00000000 PA:0x002fffa0 store:0x00000000 load:0x00000000
            626	       309	00200980	c34c	c.sw	x11,4(x14)	 x14:0x002fffa0 x11:0x00000000 PA:0x002fffa4 store:0x00000000 load:0x00000000
            632	       312	00200982	c70c	c.sw	x11,8(x14)	 x14:0x002fffa0 x11:0x00000000 PA:0x002fffa8 store:0x00000000 load:0x00000000
            638	       315	00200984	c74c	c.sw	x11,12(x14)	 x14:0x002fffa0 x11:0x00000000 PA:0x002fffac store:0x00000000 load:0x00000000
            642	       317	00200986	0741	c.addi	x14,16	 x14:0x002fffa0 x14=0x002fffb0
            646	       319	00200988	fed76be3	bltu	x14,x13,20097e	 x14:0x002fffb0 x13:0x002ffff0  x0=0x00000000
            654	       323	0020097e	c30c	c.sw	x11,0(x14)	 x14:0x002fffb0 x11:0x00000000 PA:0x002fffb0 store:0x00000000 load:0x00000000
            660	       326	00200980	c34c	c.sw	x11,4(x14)	 x14:0x002fffb0 x11:0x00000000 PA:0x002fffb4 store:0x00000000 load:0x00000000
            666	       329	00200982	c70c	c.sw	x11,8(x14)	 x14:0x002fffb0 x11:0x00000000 PA:0x002fffb8 store:0x00000000 load:0x00000000
            672	       332	00200984	c74c	c.sw	x11,12(x14)	 x14:0x002fffb0 x11:0x00000000 PA:0x002fffbc store:0x00000000 load:0x00000000
            676	       334	00200986	0741	c.addi	x14,16	 x14:0x002fffb0 x14=0x002fffc0
            680	       336	00200988	fed76be3	bltu	x14,x13,20097e	 x14:0x002fffc0 x13:0x002ffff0  x0=0x00000000
            688	       340	0020097e	c30c	c.sw	x11,0(x14)	 x14:0x002fffc0 x11:0x00000000 PA:0x002fffc0 store:0x00000000 load:0x00000000
            694	       343	00200980	c34c	c.sw	x11,4(x14)	 x14:0x002fffc0 x11:0x00000000 PA:0x002fffc4 store:0x00000000 load:0x00000000
            700	       346	00200982	c70c	c.sw	x11,8(x14)	 x14:0x002fffc0 x11:0x00000000 PA:0x002fffc8 store:0x00000000 load:0x00000000
            706	       349	00200984	c74c	c.sw	x11,12(x14)	 x14:0x002fffc0 x11:0x00000000 PA:0x002fffcc store:0x00000000 load:0x00000000
            710	       351	00200986	0741	c.addi	x14,16	 x14:0x002fffc0 x14=0x002fffd0
            714	       353	00200988	fed76be3	bltu	x14,x13,20097e	 x14:0x002fffd0 x13:0x002ffff0  x0=0x00000000
            722	       357	0020097e	c30c	c.sw	x11,0(x14)	 x14:0x002fffd0 x11:0x00000000 PA:0x002fffd0 store:0x00000000 load:0x00000000
            728	       360	00200980	c34c	c.sw	x11,4(x14)	 x14:0x002fffd0 x11:0x00000000 PA:0x002fffd4 store:0x00000000 load:0x00000000
            734	       363	00200982	c70c	c.sw	x11,8(x14)	 x14:0x002fffd0 x11:0x00000000 PA:0x002fffd8 store:0x00000000 load:0x00000000
            740	       366	00200984	c74c	c.sw	x11,12(x14)	 x14:0x002fffd0 x11:0x00000000 PA:0x002fffdc store:0x00000000 load:0x00000000
            744	       368	00200986	0741	c.addi	x14,16	 x14:0x002fffd0 x14=0x002fffe0
            748	       370	00200988	fed76be3	bltu	x14,x13,20097e	 x14:0x002fffe0 x13:0x002ffff0  x0=0x00000000
            756	       374	0020097e	c30c	c.sw	x11,0(x14)	 x14:0x002fffe0 x11:0x00000000 PA:0x002fffe0 store:0x00000000 load:0x00000000
            762	       377	00200980	c34c	c.sw	x11,4(x14)	 x14:0x002fffe0 x11:0x00000000 PA:0x002fffe4 store:0x00000000 load:0x00000000
            768	       380	00200982	c70c	c.sw	x11,8(x14)	 x14:0x002fffe0 x11:0x00000000 PA:0x002fffe8 store:0x00000000 load:0x00000000
            774	       383	00200984	c74c	c.sw	x11,12(x14)	 x14:0x002fffe0 x11:0x00000000 PA:0x002fffec store:0x00000000 load:0x00000000
            778	       385	00200986	0741	c.addi	x14,16	 x14:0x002fffe0 x14=0x002ffff0
            780	       386	00200988	fed76be3	bltu	x14,x13,20097e	 x14:0x002ffff0 x13:0x002ffff0  x0=0x00000000
            782	       387	0020098c	e211	c.bnez	x12,200990	 x12:0x00000000
            788	       390	0020098e	8082	c.jr	x1	  x1:0x00000000
            794	       393	00000000	0db0006f	jal	x0,8da	  x0=0x00000000
            804	       398	000008da	b61ff06f	jal	x0,43a	  x0=0x00000000
            810	       401	0000043a	04500713	addi	x14,x0,69	  x0:0x00000000 x14=0x00000045
            812	       402	0000043e	00000797	auipc	x15,0x0	 x15=0x0000043e
            816	       404	00000442	67a78793	addi	x15,x15,1658	 x15:0x0000043e x15=0x00000ab8
            820	       406	00000446	000206b7	lui	x13,0x20	 x13=0x00020000
            824	       408	0000044a	0785	c.addi	x15,1	 x15:0x00000ab8 x15=0x00000ab9
            828	       410	0000044c	c298	c.sw	x14,0(x13)	 x13:0x00020000 x14:0x00000045 PA:0x00020000 store:0x00000045 load:0x00000000
            832	       412	0000044e	0007c703	lbu	x14,0(x15)	 x15:0x00000ab9 x14=0x00000000 PA:0x00000ab9 store:0x00000000
            834	       413	00000452	ff65	c.bnez	x14,44a	 x14:0x00000000
            838	       415	00000454	03d00713	addi	x14,x0,61	  x0:0x00000000 x14=0x0000003d
            840	       416	00000458	00000797	auipc	x15,0x0	 x15=0x00000458
            844	       418	0000045c	67078793	addi	x15,x15,1648	 x15:0x00000458 x15=0x00000ac8
            848	       420	00000460	000206b7	lui	x13,0x20	 x13=0x00020000
            852	       422	00000464	0785	c.addi	x15,1	 x15:0x00000ac8 x15=0x00000ac9
            856	       424	00000466	c298	c.sw	x14,0(x13)	 x13:0x00020000 x14:0x0000003d PA:0x00020000 store:0x0000003d load:0x00000000
            860	       426	00000468	0007c703	lbu	x14,0(x15)	 x15:0x00000ac9 x14=0x00000000 PA:0x00000ac9 store:0x00000000
            862	       427	0000046c	ff65	c.bnez	x14,464	 x14:0x00000000
            864	       428	0000046e	04d00713	addi	x14,x0,77	  x0:0x00000000 x14=0x0000004d
            866	       429	00000472	00000797	auipc	x15,0x0	 x15=0x00000472
            872	       432	00000476	66678793	addi	x15,x15,1638	 x15:0x00000472 x15=0x00000ad8
            876	       434	0000047a	000206b7	lui	x13,0x20	 x13=0x00020000
            880	       436	0000047e	0785	c.addi	x15,1	 x15:0x00000ad8 x15=0x00000ad9
            884	       438	00000480	c298	c.sw	x14,0(x13)	 x13:0x00020000 x14:0x0000004d PA:0x00020000 store:0x0000004d load:0x00000000
            888	       440	00000482	0007c703	lbu	x14,0(x15)	 x15:0x00000ad9 x14=0x00000000 PA:0x00000ad9 store:0x00000000
            890	       441	00000486	ff65	c.bnez	x14,47e	 x14:0x00000000
            894	       443	00000488	341027f3	csrrs	x15,mepc,x0	  x0:0x00000000 x15=0x00000000
            898	       445	0000048c	4625	c.li	x12,9	 x12=0x00000009
            902	       447	0000048e	01c7d713	srli	x14,x15,0x1c	 x15:0x00000000 x14=0x00000000
            906	       449	00000492	32e67f63	bgeu	x12,x14,7d0	 x12:0x00000009 x14:0x00000000  x0=0x00000000
            914	       453	000007d0	03070713	addi	x14,x14,48	 x14:0x00000000 x14=0x00000030
            918	       455	000007d4	c298	c.sw	x14,0(x13)	 x13:0x00020000 x14:0x00000030 PA:0x00020000 store:0x00000030 load:0x00000000
            926	       459	000007d6	b1d9	c.j	49c	
            930	       461	0000049c	00479713	slli	x14,x15,0x4	 x15:0x00000000 x14=0x00000000
            934	       463	000004a0	8371	c.srli	x14,0x1c	 x14:0x00000000 x14=0x00000000
            938	       465	000004a2	46a5	c.li	x13,9	 x13=0x00000009
            942	       467	000004a4	32e6f063	bgeu	x13,x14,7c4	 x13:0x00000009 x14:0x00000000  x0=0x00000000
            950	       471	000007c4	03070713	addi	x14,x14,48	 x14:0x00000000 x14=0x00000030
            954	       473	000007c8	000206b7	lui	x13,0x20	 x13=0x00020000
            958	       475	000007cc	c298	c.sw	x14,0(x13)	 x13:0x00020000 x14:0x00000030 PA:0x00020000 store:0x00000030 load:0x00000000
            966	       479	000007ce	b1d5	c.j	4b2	
            972	       482	000004b2	00879713	slli	x14,x15,0x8	 x15:0x00000000 x14=0x00000000
            976	       484	000004b6	8371	c.srli	x14,0x1c	 x14:0x00000000 x14=0x00000000
            980	       486	000004b8	46a5	c.li	x13,9	 x13=0x00000009
            984	       488	000004ba	2ee6ff63	bgeu	x13,x14,7b8	 x13:0x00000009 x14:0x00000000  x0=0x00000000
            992	       492	000007b8	03070713	addi	x14,x14,48	 x14:0x00000000 x14=0x00000030
            996	       494	000007bc	000206b7	lui	x13,0x20	 x13=0x00020000
           1000	       496	000007c0	c298	c.sw	x14,0(x13)	 x13:0x00020000 x14:0x00000030 PA:0x00020000 store:0x00000030 load:0x00000000
           1008	       500	000007c2	b319	c.j	4c8	
           1010	       501	000004c8	00c79713	slli	x14,x15,0xc	 x15:0x00000000 x14=0x00000000
           1014	       503	000004cc	8371	c.srli	x14,0x1c	 x14:0x00000000 x14=0x00000000
           1018	       505	000004ce	46a5	c.li	x13,9	 x13=0x00000009
           1022	       507	000004d0	2ce6fe63	bgeu	x13,x14,7ac	 x13:0x00000009 x14:0x00000000  x0=0x00000000
           1030	       511	000007ac	03070713	addi	x14,x14,48	 x14:0x00000000 x14=0x00000030
           1034	       513	000007b0	000206b7	lui	x13,0x20	 x13=0x00020000
           1038	       515	000007b4	c298	c.sw	x14,0(x13)	 x13:0x00020000 x14:0x00000030 PA:0x00020000 store:0x00000030 load:0x00000000
           1046	       519	000007b6	b325	c.j	4de	
           1052	       522	000004de	01079713	slli	x14,x15,0x10	 x15:0x00000000 x14=0x00000000
           1056	       524	000004e2	8371	c.srli	x14,0x1c	 x14:0x00000000 x14=0x00000000
           1060	       526	000004e4	46a5	c.li	x13,9	 x13=0x00000009
           1064	       528	000004e6	2ae6fd63	bgeu	x13,x14,7a0	 x13:0x00000009 x14:0x00000000  x0=0x00000000
           1072	       532	000007a0	03070713	addi	x14,x14,48	 x14:0x00000000 x14=0x00000030
           1076	       534	000007a4	000206b7	lui	x13,0x20	 x13=0x00020000
           1080	       536	000007a8	c298	c.sw	x14,0(x13)	 x13:0x00020000 x14:0x00000030 PA:0x00020000 store:0x00000030 load:0x00000000
           1088	       540	000007aa	b3a9	c.j	4f4	
           1092	       542	000004f4	01479713	slli	x14,x15,0x14	 x15:0x00000000 x14=0x00000000
           1096	       544	000004f8	8371	c.srli	x14,0x1c	 x14:0x00000000 x14=0x00000000
           1100	       546	000004fa	46a5	c.li	x13,9	 x13=0x00000009
           1104	       548	000004fc	28e6fc63	bgeu	x13,x14,794	 x13:0x00000009 x14:0x00000000  x0=0x00000000
           1112	       552	00000794	03070713	addi	x14,x14,48	 x14:0x00000000 x14=0x00000030
           1116	       554	00000798	000206b7	lui	x13,0x20	 x13=0x00020000
           1120	       556	0000079c	c298	c.sw	x14,0(x13)	 x13:0x00020000 x14:0x00000030 PA:0x00020000 store:0x00000030 load:0x00000000
           1126	       559	0000079e	b3b5	c.j	50a	
           1132	       562	0000050a	01879713	slli	x14,x15,0x18	 x15:0x00000000 x14=0x00000000
           1136	       564	0000050e	8371	c.srli	x14,0x1c	 x14:0x00000000 x14=0x00000000
           1140	       566	00000510	46a5	c.li	x13,9	 x13=0x00000009
           1144	       568	00000512	26e6fb63	bgeu	x13,x14,788	 x13:0x00000009 x14:0x00000000  x0=0x00000000
           1152	       572	00000788	03070713	addi	x14,x14,48	 x14:0x00000000 x14=0x00000030
           1156	       574	0000078c	000206b7	lui	x13,0x20	 x13=0x00020000
           1160	       576	00000790	c298	c.sw	x14,0(x13)	 x13:0x00020000 x14:0x00000030 PA:0x00020000 store:0x00000030 load:0x00000000
           1166	       579	00000792	b379	c.j	520	
           1168	       580	00000520	8bbd	c.andi	x15,15	 x15:0x00000000 x15=0x00000000
           1172	       582	00000522	4725	c.li	x14,9	 x14=0x00000009
           1174	       583	00000524	24f76c63	bltu	x14,x15,77c	 x14:0x00000009 x15:0x00000000  x0=0x00000000
           1178	       585	00000528	03078793	addi	x15,x15,48	 x15:0x00000000 x15=0x00000030
           1182	       587	0000052c	00020737	lui	x14,0x20	 x14=0x00020000
           1186	       589	00000530	c31c	c.sw	x15,0(x14)	 x14:0x00020000 x15:0x00000030 PA:0x00020000 store:0x00000030 load:0x00000000
           1190	       591	00000532	4729	c.li	x14,10	 x14=0x0000000a
           1192	       592	00000534	00000797	auipc	x15,0x0	 x15=0x00000534
           1196	       594	00000538	5b478793	addi	x15,x15,1460	 x15:0x00000534 x15=0x00000ae8
           1200	       596	0000053c	000206b7	lui	x13,0x20	 x13=0x00020000
           1204	       598	00000540	0785	c.addi	x15,1	 x15:0x00000ae8 x15=0x00000ae9
           1208	       600	00000542	c298	c.sw	x14,0(x13)	 x13:0x00020000 x14:0x0000000a PA:0x00020000 store:0x0000000a load:0x00000000
           1212	       602	00000544	0007c703	lbu	x14,0(x15)	 x15:0x00000ae9 x14=0x00000000 PA:0x00000ae9 store:0x00000000
           1214	       603	00000548	ff65	c.bnez	x14,540	 x14:0x00000000
           1218	       605	0000054a	342027f3	csrrs	x15,mcause,x0	  x0:0x00000000 x15=0x00000000
           1222	       607	0000054e	4625	c.li	x12,9	 x12=0x00000009
           1226	       609	00000550	01c7d713	srli	x14,x15,0x1c	 x15:0x00000000 x14=0x00000000
           1230	       611	00000554	22e67063	bgeu	x12,x14,774	 x12:0x00000009 x14:0x00000000  x0=0x00000000
           1238	       615	00000774	03070713	addi	x14,x14,48	 x14:0x00000000 x14=0x00000030
           1242	       617	00000778	c298	c.sw	x14,0(x13)	 x13:0x00020000 x14:0x00000030 PA:0x00020000 store:0x00000030 load:0x00000000
           1250	       621	0000077a	b3d5	c.j	55e	
           1256	       624	0000055e	00479713	slli	x14,x15,0x4	 x15:0x00000000 x14=0x00000000
           1260	       626	00000562	8371	c.srli	x14,0x1c	 x14:0x00000000 x14=0x00000000
           1264	       628	00000564	46a5	c.li	x13,9	 x13=0x00000009
           1268	       630	00000566	20e6f163	bgeu	x13,x14,768	 x13:0x00000009 x14:0x00000000  x0=0x00000000
           1276	       634	00000768	03070713	addi	x14,x14,48	 x14:0x00000000 x14=0x00000030
           1280	       636	0000076c	000206b7	lui	x13,0x20	 x13=0x00020000
           1284	       638	00000770	c298	c.sw	x14,0(x13)	 x13:0x00020000 x14:0x00000030 PA:0x00020000 store:0x00000030 load:0x00000000
           1292	       642	00000772	b509	c.j	574	
           1296	       644	00000574	00879713	slli	x14,x15,0x8	 x15:0x00000000 x14=0x00000000
           1300	       646	00000578	8371	c.srli	x14,0x1c	 x14:0x00000000 x14=0x00000000
           1304	       648	0000057a	46a5	c.li	x13,9	 x13=0x00000009
           1308	       650	0000057c	1ee6f063	bgeu	x13,x14,75c	 x13:0x00000009 x14:0x00000000  x0=0x00000000
           1316	       654	0000075c	03070713	addi	x14,x14,48	 x14:0x00000000 x14=0x00000030
           1320	       656	00000760	000206b7	lui	x13,0x20	 x13=0x00020000
           1324	       658	00000764	c298	c.sw	x14,0(x13)	 x13:0x00020000 x14:0x00000030 PA:0x00020000 store:0x00000030 load:0x00000000
           1332	       662	00000766	b515	c.j	58a	
           1336	       664	0000058a	00c79713	slli	x14,x15,0xc	 x15:0x00000000 x14=0x00000000
           1340	       666	0000058e	8371	c.srli	x14,0x1c	 x14:0x00000000 x14=0x00000000
           1344	       668	00000590	46a5	c.li	x13,9	 x13=0x00000009
           1348	       670	00000592	1ae6ff63	bgeu	x13,x14,750	 x13:0x00000009 x14:0x00000000  x0=0x00000000
           1356	       674	00000750	03070713	addi	x14,x14,48	 x14:0x00000000 x14=0x00000030
           1360	       676	00000754	000206b7	lui	x13,0x20	 x13=0x00020000
           1364	       678	00000758	c298	c.sw	x14,0(x13)	 x13:0x00020000 x14:0x00000030 PA:0x00020000 store:0x00000030 load:0x00000000
           1372	       682	0000075a	b599	c.j	5a0	
           1376	       684	000005a0	01079713	slli	x14,x15,0x10	 x15:0x00000000 x14=0x00000000
           1380	       686	000005a4	8371	c.srli	x14,0x1c	 x14:0x00000000 x14=0x00000000
           1384	       688	000005a6	46a5	c.li	x13,9	 x13=0x00000009
           1388	       690	000005a8	18e6fe63	bgeu	x13,x14,744	 x13:0x00000009 x14:0x00000000  x0=0x00000000
           1396	       694	00000744	03070713	addi	x14,x14,48	 x14:0x00000000 x14=0x00000030
           1400	       696	00000748	000206b7	lui	x13,0x20	 x13=0x00020000
           1404	       698	0000074c	c298	c.sw	x14,0(x13)	 x13:0x00020000 x14:0x00000030 PA:0x00020000 store:0x00000030 load:0x00000000
           1412	       702	0000074e	b5a5	c.j	5b6	
           1418	       705	000005b6	01479713	slli	x14,x15,0x14	 x15:0x00000000 x14=0x00000000
           1422	       707	000005ba	8371	c.srli	x14,0x1c	 x14:0x00000000 x14=0x00000000
           1426	       709	000005bc	46a5	c.li	x13,9	 x13=0x00000009
           1430	       711	000005be	16e6fd63	bgeu	x13,x14,738	 x13:0x00000009 x14:0x00000000  x0=0x00000000
           1438	       715	00000738	03070713	addi	x14,x14,48	 x14:0x00000000 x14=0x00000030
           1442	       717	0000073c	000206b7	lui	x13,0x20	 x13=0x00020000
           1446	       719	00000740	c298	c.sw	x14,0(x13)	 x13:0x00020000 x14:0x00000030 PA:0x00020000 store:0x00000030 load:0x00000000
           1454	       723	00000742	b569	c.j	5cc	
           1458	       725	000005cc	01879713	slli	x14,x15,0x18	 x15:0x00000000 x14=0x00000000
           1462	       727	000005d0	8371	c.srli	x14,0x1c	 x14:0x00000000 x14=0x00000000
           1466	       729	000005d2	46a5	c.li	x13,9	 x13=0x00000009
           1470	       731	000005d4	14e6fc63	bgeu	x13,x14,72c	 x13:0x00000009 x14:0x00000000  x0=0x00000000
           1478	       735	0000072c	03070713	addi	x14,x14,48	 x14:0x00000000 x14=0x00000030
           1482	       737	00000730	000206b7	lui	x13,0x20	 x13=0x00020000
           1486	       739	00000734	c298	c.sw	x14,0(x13)	 x13:0x00020000 x14:0x00000030 PA:0x00020000 store:0x00000030 load:0x00000000
           1492	       742	00000736	b575	c.j	5e2	
           1494	       743	000005e2	8bbd	c.andi	x15,15	 x15:0x00000000 x15=0x00000000
           1498	       745	000005e4	4725	c.li	x14,9	 x14=0x00000009
           1500	       746	000005e6	12f76d63	bltu	x14,x15,720	 x14:0x00000009 x15:0x00000000  x0=0x00000000
           1504	       748	000005ea	03078793	addi	x15,x15,48	 x15:0x00000000 x15=0x00000030
           1508	       750	000005ee	00020737	lui	x14,0x20	 x14=0x00020000
           1512	       752	000005f2	c31c	c.sw	x15,0(x14)	 x14:0x00020000 x15:0x00000030 PA:0x00020000 store:0x00000030 load:0x00000000
           1516	       754	000005f4	4729	c.li	x14,10	 x14=0x0000000a
           1518	       755	000005f6	00000797	auipc	x15,0x0	 x15=0x000005f6
           1524	       758	000005fa	50278793	addi	x15,x15,1282	 x15:0x000005f6 x15=0x00000af8
           1528	       760	000005fe	000206b7	lui	x13,0x20	 x13=0x00020000
           1532	       762	00000602	0785	c.addi	x15,1	 x15:0x00000af8 x15=0x00000af9
           1536	       764	00000604	c298	c.sw	x14,0(x13)	 x13:0x00020000 x14:0x0000000a PA:0x00020000 store:0x0000000a load:0x00000000
           1540	       766	00000606	0007c703	lbu	x14,0(x15)	 x15:0x00000af9 x14=0x00000000 PA:0x00000af9 store:0x00000000
           1542	       767	0000060a	ff65	c.bnez	x14,602	 x14:0x00000000
           1546	       769	0000060c	343027f3	csrrs	x15,mtval,x0	  x0:0x00000000 x15=0x00000000
           1550	       771	00000610	4625	c.li	x12,9	 x12=0x00000009
           1554	       773	00000612	01c7d713	srli	x14,x15,0x1c	 x15:0x00000000 x14=0x00000000
           1558	       775	00000616	10e67163	bgeu	x12,x14,718	 x12:0x00000009 x14:0x00000000  x0=0x00000000
           1566	       779	00000718	03070713	addi	x14,x14,48	 x14:0x00000000 x14=0x00000030
           1570	       781	0000071c	c298	c.sw	x14,0(x13)	 x13:0x00020000 x14:0x00000030 PA:0x00020000 store:0x00000030 load:0x00000000
           1578	       785	0000071e	b709	c.j	620	
           1582	       787	00000620	00479713	slli	x14,x15,0x4	 x15:0x00000000 x14=0x00000000
           1586	       789	00000624	8371	c.srli	x14,0x1c	 x14:0x00000000 x14=0x00000000
           1590	       791	00000626	46a5	c.li	x13,9	 x13=0x00000009
           1594	       793	00000628	0ee6f263	bgeu	x13,x14,70c	 x13:0x00000009 x14:0x00000000  x0=0x00000000
           1602	       797	0000070c	03070713	addi	x14,x14,48	 x14:0x00000000 x14=0x00000030
           1606	       799	00000710	000206b7	lui	x13,0x20	 x13=0x00020000
           1610	       801	00000714	c298	c.sw	x14,0(x13)	 x13:0x00020000 x14:0x00000030 PA:0x00020000 store:0x00000030 load:0x00000000
           1618	       805	00000716	b705	c.j	636	
           1624	       808	00000636	00879713	slli	x14,x15,0x8	 x15:0x00000000 x14=0x00000000
           1628	       810	0000063a	8371	c.srli	x14,0x1c	 x14:0x00000000 x14=0x00000000
           1632	       812	0000063c	46a5	c.li	x13,9	 x13=0x00000009
           1636	       814	0000063e	0ce6f163	bgeu	x13,x14,700	 x13:0x00000009 x14:0x00000000  x0=0x00000000
           1644	       818	00000700	03070713	addi	x14,x14,48	 x14:0x00000000 x14=0x00000030
           1648	       820	00000704	000206b7	lui	x13,0x20	 x13=0x00020000
           1652	       822	00000708	c298	c.sw	x14,0(x13)	 x13:0x00020000 x14:0x00000030 PA:0x00020000 store:0x00000030 load:0x00000000
           1660	       826	0000070a	b789	c.j	64c	
           1662	       827	0000064c	00c79713	slli	x14,x15,0xc	 x15:0x00000000 x14=0x00000000
           1666	       829	00000650	8371	c.srli	x14,0x1c	 x14:0x00000000 x14=0x00000000
           1670	       831	00000652	46a5	c.li	x13,9	 x13=0x00000009
           1674	       833	00000654	0ae6f063	bgeu	x13,x14,6f4	 x13:0x00000009 x14:0x00000000  x0=0x00000000
           1682	       837	000006f4	03070713	addi	x14,x14,48	 x14:0x00000000 x14=0x00000030
           1686	       839	000006f8	000206b7	lui	x13,0x20	 x13=0x00020000
           1690	       841	000006fc	c298	c.sw	x14,0(x13)	 x13:0x00020000 x14:0x00000030 PA:0x00020000 store:0x00000030 load:0x00000000
           1698	       845	000006fe	b795	c.j	662	
           1704	       848	00000662	01079713	slli	x14,x15,0x10	 x15:0x00000000 x14=0x00000000
           1708	       850	00000666	8371	c.srli	x14,0x1c	 x14:0x00000000 x14=0x00000000
           1712	       852	00000668	46a5	c.li	x13,9	 x13=0x00000009
           1716	       854	0000066a	06e6ff63	bgeu	x13,x14,6e8	 x13:0x00000009 x14:0x00000000  x0=0x00000000
           1724	       858	000006e8	03070713	addi	x14,x14,48	 x14:0x00000000 x14=0x00000030
           1728	       860	000006ec	000206b7	lui	x13,0x20	 x13=0x00020000
           1732	       862	000006f0	c298	c.sw	x14,0(x13)	 x13:0x00020000 x14:0x00000030 PA:0x00020000 store:0x00000030 load:0x00000000
           1740	       866	000006f2	b759	c.j	678	
           1744	       868	00000678	01479713	slli	x14,x15,0x14	 x15:0x00000000 x14=0x00000000
           1748	       870	0000067c	8371	c.srli	x14,0x1c	 x14:0x00000000 x14=0x00000000
           1752	       872	0000067e	46a5	c.li	x13,9	 x13=0x00000009
           1756	       874	00000680	04e6fe63	bgeu	x13,x14,6dc	 x13:0x00000009 x14:0x00000000  x0=0x00000000
           1764	       878	000006dc	03070713	addi	x14,x14,48	 x14:0x00000000 x14=0x00000030
           1768	       880	000006e0	000206b7	lui	x13,0x20	 x13=0x00020000
           1772	       882	000006e4	c298	c.sw	x14,0(x13)	 x13:0x00020000 x14:0x00000030 PA:0x00020000 store:0x00000030 load:0x00000000
           1780	       886	000006e6	b765	c.j	68e	
           1786	       889	0000068e	01879713	slli	x14,x15,0x18	 x15:0x00000000 x14=0x00000000
           1790	       891	00000692	8371	c.srli	x14,0x1c	 x14:0x00000000 x14=0x00000000
           1794	       893	00000694	46a5	c.li	x13,9	 x13=0x00000009
           1798	       895	00000696	02e6fd63	bgeu	x13,x14,6d0	 x13:0x00000009 x14:0x00000000  x0=0x00000000
           1806	       899	000006d0	03070713	addi	x14,x14,48	 x14:0x00000000 x14=0x00000030
           1810	       901	000006d4	000206b7	lui	x13,0x20	 x13=0x00020000
           1814	       903	000006d8	c298	c.sw	x14,0(x13)	 x13:0x00020000 x14:0x00000030 PA:0x00020000 store:0x00000030 load:0x00000000
           1822	       907	000006da	b7e9	c.j	6a4	
           1824	       908	000006a4	8bbd	c.andi	x15,15	 x15:0x00000000 x15=0x00000000
           1828	       910	000006a6	4725	c.li	x14,9	 x14=0x00000009
           1830	       911	000006a8	00f76e63	bltu	x14,x15,6c4	 x14:0x00000009 x15:0x00000000  x0=0x00000000
           1834	       913	000006ac	03078793	addi	x15,x15,48	 x15:0x00000000 x15=0x00000030
           1838	       915	000006b0	00020737	lui	x14,0x20	 x14=0x00020000
           1842	       917	000006b4	c31c	c.sw	x15,0(x14)	 x14:0x00020000 x15:0x00000030 PA:0x00020000 store:0x00000030 load:0x00000000
           1846	       919	000006b6	000207b7	lui	x15,0x20	 x15=0x00020000
           1850	       921	000006ba	4729	c.li	x14,10	 x14=0x0000000a
           1854	       923	000006bc	c398	c.sw	x14,0(x15)	 x15:0x00020000 x14:0x0000000a PA:0x00020000 store:0x0000000a load:0x00000000
           1858	       925	000006be	4705	c.li	x14,1	 x14=0x00000001
           1862	       927	000006c0	c798	c.sw	x14,8(x15)	 x15:0x00020000 x14:0x00000001 PA:0x00020008 store:0x00000001 load:0x00000000
