Time	Cycle	PC	Insn	Decoded instruction	Register and memory contents
             22	         7	00200080	0630006f	jal	x0,2008e2	  x0=0x00000000
             26	         9	002008e2	00000093	addi	x1,x0,0	  x0:0x00000000  x1=0x00000000
             30	        11	002008e6	8106	c.mv	x2,x1	  x0:0x00000000  x1:0x00000000  x2=0x00000000
             34	        13	002008e8	8186	c.mv	x3,x1	  x0:0x00000000  x1:0x00000000  x3=0x00000000
             38	        15	002008ea	8206	c.mv	x4,x1	  x0:0x00000000  x1:0x00000000  x4=0x00000000
             42	        17	002008ec	8286	c.mv	x5,x1	  x0:0x00000000  x1:0x00000000  x5=0x00000000
             46	        19	002008ee	8306	c.mv	x6,x1	  x0:0x00000000  x1:0x00000000  x6=0x00000000
             50	        21	002008f0	8386	c.mv	x7,x1	  x0:0x00000000  x1:0x00000000  x7=0x00000000
             54	        23	002008f2	8406	c.mv	x8,x1	  x0:0x00000000  x1:0x00000000  x8=0x00000000
             58	        25	002008f4	8486	c.mv	x9,x1	  x0:0x00000000  x1:0x00000000  x9=0x00000000
             62	        27	002008f6	8506	c.mv	x10,x1	  x0:0x00000000  x1:0x00000000 x10=0x00000000
             66	        29	002008f8	8586	c.mv	x11,x1	  x0:0x00000000  x1:0x00000000 x11=0x00000000
             70	        31	002008fa	8606	c.mv	x12,x1	  x0:0x00000000  x1:0x00000000 x12=0x00000000
             74	        33	002008fc	8686	c.mv	x13,x1	  x0:0x00000000  x1:0x00000000 x13=0x00000000
             78	        35	002008fe	8706	c.mv	x14,x1	  x0:0x00000000  x1:0x00000000 x14=0x00000000
             82	        37	00200900	8786	c.mv	x15,x1	  x0:0x00000000  x1:0x00000000 x15=0x00000000
             86	        39	00200902	8806	c.mv	x16,x1	  x0:0x00000000  x1:0x00000000 x16=0x00000000
             90	        41	00200904	8886	c.mv	x17,x1	  x0:0x00000000  x1:0x00000000 x17=0x00000000
             94	        43	00200906	8906	c.mv	x18,x1	  x0:0x00000000  x1:0x00000000 x18=0x00000000
             98	        45	00200908	8986	c.mv	x19,x1	  x0:0x00000000  x1:0x00000000 x19=0x00000000
            102	        47	0020090a	8a06	c.mv	x20,x1	  x0:0x00000000  x1:0x00000000 x20=0x00000000
            106	        49	0020090c	8a86	c.mv	x21,x1	  x0:0x00000000  x1:0x00000000 x21=0x00000000
            110	        51	0020090e	8b06	c.mv	x22,x1	  x0:0x00000000  x1:0x00000000 x22=0x00000000
            114	        53	00200910	8b86	c.mv	x23,x1	  x0:0x00000000  x1:0x00000000 x23=0x00000000
            118	        55	00200912	8c06	c.mv	x24,x1	  x0:0x00000000  x1:0x00000000 x24=0x00000000
            122	        57	00200914	8c86	c.mv	x25,x1	  x0:0x00000000  x1:0x00000000 x25=0x00000000
            126	        59	00200916	8d06	c.mv	x26,x1	  x0:0x00000000  x1:0x00000000 x26=0x00000000
            130	        61	00200918	8d86	c.mv	x27,x1	  x0:0x00000000  x1:0x00000000 x27=0x00000000
            134	        63	0020091a	8e06	c.mv	x28,x1	  x0:0x00000000  x1:0x00000000 x28=0x00000000
            138	        65	0020091c	8e86	c.mv	x29,x1	  x0:0x00000000  x1:0x00000000 x29=0x00000000
            142	        67	0020091e	8f06	c.mv	x30,x1	  x0:0x00000000  x1:0x00000000 x30=0x00000000
            146	        69	00200920	8f86	c.mv	x31,x1	  x0:0x00000000  x1:0x00000000 x31=0x00000000
            148	        70	00200922	000ff117	auipc	x2,0xff	  x2=0x002ff922
            152	        72	00200926	6de10113	addi	x2,x2,1758	  x2:0x002ff922  x2=0x00300000
            154	        73	0020092a	00000d17	auipc	x26,0x0	 x26=0x0020092a
            158	        75	0020092e	1e6d0d13	addi	x26,x26,486	 x26:0x0020092a x26=0x00200b10
            160	        76	00200932	00000d97	auipc	x27,0x0	 x27=0x00200932
            164	        78	00200936	1eed8d93	addi	x27,x27,494	 x27:0x00200932 x27=0x00200b20
            168	        80	0020093a	01bd5763	bge	x26,x27,200948	 x26:0x00200b10 x27:0x00200b20  x0=0x00000000
            172	        82	0020093e	000d2023	sw	x0,0(x26)	 x26:0x00200b10  x0:0x00000000 PA:0x00200b10 store:0x00000000 load:0x00000000
            176	        84	00200942	0d11	c.addi	x26,4	 x26:0x00200b10 x26=0x00200b14
            182	        87	00200944	ffaddde3	bge	x27,x26,20093e	 x27:0x00200b20 x26:0x00200b14  x0=0x00000000
            190	        91	0020093e	000d2023	sw	x0,0(x26)	 x26:0x00200b14  x0:0x00000000 PA:0x00200b14 store:0x00000000 load:0x00000000
            194	        93	00200942	0d11	c.addi	x26,4	 x26:0x00200b14 x26=0x00200b18
            200	        96	00200944	ffaddde3	bge	x27,x26,20093e	 x27:0x00200b20 x26:0x00200b18  x0=0x00000000
            208	       100	0020093e	000d2023	sw	x0,0(x26)	 x26:0x00200b18  x0:0x00000000 PA:0x00200b18 store:0x00000000 load:0x00000000
            212	       102	00200942	0d11	c.addi	x26,4	 x26:0x00200b18 x26=0x00200b1c
            218	       105	00200944	ffaddde3	bge	x27,x26,20093e	 x27:0x00200b20 x26:0x00200b1c  x0=0x00000000
            226	       109	0020093e	000d2023	sw	x0,0(x26)	 x26:0x00200b1c  x0:0x00000000 PA:0x00200b1c store:0x00000000 load:0x00000000
            230	       111	00200942	0d11	c.addi	x26,4	 x26:0x00200b1c x26=0x00200b20
            236	       114	00200944	ffaddde3	bge	x27,x26,20093e	 x27:0x00200b20 x26:0x00200b20  x0=0x00000000
            244	       118	0020093e	000d2023	sw	x0,0(x26)	 x26:0x00200b20  x0:0x00000000 PA:0x00200b20 store:0x00000000 load:0x00000000
            248	       120	00200942	0d11	c.addi	x26,4	 x26:0x00200b20 x26=0x00200b24
            252	       122	00200944	ffaddde3	bge	x27,x26,20093e	 x27:0x00200b20 x26:0x00200b24  x0=0x00000000
            254	       123	00200948	00000513	addi	x10,x0,0	  x0:0x00000000 x10=0x00000000
            256	       124	0020094c	00000593	addi	x11,x0,0	  x0:0x00000000 x11=0x00000000
            262	       127	00200950	0be000ef	jal	x1,200a0e	  x1=0x00200954
            266	       129	00200a0e	00000797	auipc	x15,0x0	 x15=0x00200a0e
            270	       131	00200a12	04678793	addi	x15,x15,70	 x15:0x00200a0e x15=0x00200a54
            274	       133	00200a16	0007a883	lw	x17,0(x15)	 x15:0x00200a54 x17=0x73616c61 PA:0x00200a54 store:0x00000000
            280	       136	00200a1a	0047a803	lw	x16,4(x15)	 x15:0x00200a54 x16=0x616c616b PA:0x00200a58 store:0x00000000
            286	       139	00200a1e	4794	c.lw	x13,8(x15)	 x15:0x00200a54 x13=0x21616b73 PA:0x00200a5c store:0x00000000
            292	       142	00200a20	00c7d703	lhu	x14,12(x15)	 x15:0x00200a54 x14=0x00002121 PA:0x00200a60 store:0x00000000
            298	       145	00200a24	00e7c783	lbu	x15,14(x15)	 x15:0x00200a54 x15=0x00000000 PA:0x00200a62 store:0x00002121
            300	       146	00200a28	7119	c.addi16sp	x2,-128	  x2:0x00300000  x2=0x002fff80
            304	       148	00200a2a	05500613	addi	x12,x0,85	  x0:0x00000000 x12=0x00000055
            306	       149	00200a2e	4581	c.li	x11,0	 x11=0x00000000
            310	       151	00200a30	01b10513	addi	x10,x2,27	  x2:0x002fff80 x10=0x002fff9b
            316	       154	00200a34	de86	c.swsp	x1,124(x2)	  x2:0x002fff80  x1:0x00200954 PA:0x002ffffc store:0x00200954 load:0x00000000
            322	       157	00200a36	c646	c.swsp	x17,12(x2)	  x2:0x002fff80 x17:0x73616c61 PA:0x002fff8c store:0x73616c61 load:0x00000000
            328	       160	00200a38	c842	c.swsp	x16,16(x2)	  x2:0x002fff80 x16:0x616c616b PA:0x002fff90 store:0x616c616b load:0x00000000
            334	       163	00200a3a	ca36	c.swsp	x13,20(x2)	  x2:0x002fff80 x13:0x21616b73 PA:0x002fff94 store:0x21616b73 load:0x00000000
            340	       166	00200a3c	00e11c23	sh	x14,24(x2)	  x2:0x002fff80 x14:0x00002121 PA:0x002fff98 store:0x00002121 load:0x00000000
            346	       169	00200a40	00f10d23	sb	x15,26(x2)	  x2:0x002fff80 x15:0x00000000 PA:0x002fff9a store:0x00000000 load:0x00000000
            352	       172	00200a44	370d	c.jal	200966	  x1=0x00200a46
            356	       174	00200966	433d	c.li	x6,15	  x6=0x0000000f
            360	       176	00200968	872a	c.mv	x14,x10	  x0:0x00000000 x10:0x002fff9b x14=0x002fff9b
            364	       178	0020096a	02c37363	bgeu	x6,x12,200990	  x6:0x0000000f x12:0x00000055  x0=0x00000000
            368	       180	0020096e	00f77793	andi	x15,x14,15	 x14:0x002fff9b x15=0x0000000b
            372	       182	00200972	efbd	c.bnez	x15,2009f0	 x15:0x0000000b
            378	       185	002009f0	00279693	slli	x13,x15,0x2	 x15:0x0000000b x13=0x0000002c
            380	       186	002009f4	00000297	auipc	x5,0x0	  x5=0x002009f4
            384	       188	002009f8	9696	c.add	x13,x5	 x13:0x0000002c  x5:0x002009f4 x13=0x00200a20
            388	       190	002009fa	8286	c.mv	x5,x1	  x0:0x00000000  x1:0x00200a46  x5=0x00200a46
            394	       193	002009fc	fa8680e7	jalr	x1,-88(x13)	 x13:0x00200a20  x1=0x00200a00
            400	       196	002009c8	00b70223	sb	x11,4(x14)	 x14:0x002fff9b x11:0x00000000 PA:0x002fff9f store:0x00000000 load:0x00000000
            406	       199	002009cc	00b701a3	sb	x11,3(x14)	 x14:0x002fff9b x11:0x00000000 PA:0x002fff9e store:0x00000000 load:0x00000000
            412	       202	002009d0	00b70123	sb	x11,2(x14)	 x14:0x002fff9b x11:0x00000000 PA:0x002fff9d store:0x00000000 load:0x00000000
            418	       205	002009d4	00b700a3	sb	x11,1(x14)	 x14:0x002fff9b x11:0x00000000 PA:0x002fff9c store:0x00000000 load:0x00000000
            424	       208	002009d8	00b70023	sb	x11,0(x14)	 x14:0x002fff9b x11:0x00000000 PA:0x002fff9b store:0x00000000 load:0x00000000
            428	       210	002009dc	8082	c.jr	x1	  x1:0x00200a00
            432	       212	00200a00	8096	c.mv	x1,x5	  x0:0x00000000  x5:0x00200a46  x1=0x00200a46
            436	       214	00200a02	17c1	c.addi	x15,-16	 x15:0x0000000b x15=0xfffffffb
            440	       216	00200a04	8f1d	c.sub	x14,x15	 x14:0x002fff9b x15:0xfffffffb x14=0x002fffa0
            444	       218	00200a06	963e	c.add	x12,x15	 x12:0x00000055 x15:0xfffffffb x12=0x00000050
            448	       220	00200a08	f8c374e3	bgeu	x6,x12,200990	  x6:0x0000000f x12:0x00000050  x0=0x00000000
            454	       223	00200a0c	b7a5	c.j	200974	
            456	       224	00200974	e5ad	c.bnez	x11,2009de	 x11:0x00000000
            460	       226	00200976	ff067693	andi	x13,x12,-16	 x12:0x00000050 x13=0x00000050
            464	       228	0020097a	8a3d	c.andi	x12,15	 x12:0x00000050 x12=0x00000000
            468	       230	0020097c	96ba	c.add	x13,x14	 x13:0x00000050 x14:0x002fffa0 x13=0x002ffff0
            474	       233	0020097e	c30c	c.sw	x11,0(x14)	 x14:0x002fffa0 x11:0x00000000 PA:0x002fffa0 store:0x00000000 load:0x00000000
            480	       236	00200980	c34c	c.sw	x11,4(x14)	 x14:0x002fffa0 x11:0x00000000 PA:0x002fffa4 store:0x00000000 load:0x00000000
            486	       239	00200982	c70c	c.sw	x11,8(x14)	 x14:0x002fffa0 x11:0x00000000 PA:0x002fffa8 store:0x00000000 load:0x00000000
            492	       242	00200984	c74c	c.sw	x11,12(x14)	 x14:0x002fffa0 x11:0x00000000 PA:0x002fffac store:0x00000000 load:0x00000000
            496	       244	00200986	0741	c.addi	x14,16	 x14:0x002fffa0 x14=0x002fffb0
            502	       247	00200988	fed76be3	bltu	x14,x13,20097e	 x14:0x002fffb0 x13:0x002ffff0  x0=0x00000000
            510	       251	0020097e	c30c	c.sw	x11,0(x14)	 x14:0x002fffb0 x11:0x00000000 PA:0x002fffb0 store:0x00000000 load:0x00000000
            516	       254	00200980	c34c	c.sw	x11,4(x14)	 x14:0x002fffb0 x11:0x00000000 PA:0x002fffb4 store:0x00000000 load:0x00000000
            522	       257	00200982	c70c	c.sw	x11,8(x14)	 x14:0x002fffb0 x11:0x00000000 PA:0x002fffb8 store:0x00000000 load:0x00000000
            528	       260	00200984	c74c	c.sw	x11,12(x14)	 x14:0x002fffb0 x11:0x00000000 PA:0x002fffbc store:0x00000000 load:0x00000000
            532	       262	00200986	0741	c.addi	x14,16	 x14:0x002fffb0 x14=0x002fffc0
            538	       265	00200988	fed76be3	bltu	x14,x13,20097e	 x14:0x002fffc0 x13:0x002ffff0  x0=0x00000000
            546	       269	0020097e	c30c	c.sw	x11,0(x14)	 x14:0x002fffc0 x11:0x00000000 PA:0x002fffc0 store:0x00000000 load:0x00000000
            552	       272	00200980	c34c	c.sw	x11,4(x14)	 x14:0x002fffc0 x11:0x00000000 PA:0x002fffc4 store:0x00000000 load:0x00000000
            558	       275	00200982	c70c	c.sw	x11,8(x14)	 x14:0x002fffc0 x11:0x00000000 PA:0x002fffc8 store:0x00000000 load:0x00000000
            564	       278	00200984	c74c	c.sw	x11,12(x14)	 x14:0x002fffc0 x11:0x00000000 PA:0x002fffcc store:0x00000000 load:0x00000000
            568	       280	00200986	0741	c.addi	x14,16	 x14:0x002fffc0 x14=0x002fffd0
            574	       283	00200988	fed76be3	bltu	x14,x13,20097e	 x14:0x002fffd0 x13:0x002ffff0  x0=0x00000000
            582	       287	0020097e	c30c	c.sw	x11,0(x14)	 x14:0x002fffd0 x11:0x00000000 PA:0x002fffd0 store:0x00000000 load:0x00000000
            588	       290	00200980	c34c	c.sw	x11,4(x14)	 x14:0x002fffd0 x11:0x00000000 PA:0x002fffd4 store:0x00000000 load:0x00000000
            594	       293	00200982	c70c	c.sw	x11,8(x14)	 x14:0x002fffd0 x11:0x00000000 PA:0x002fffd8 store:0x00000000 load:0x00000000
            600	       296	00200984	c74c	c.sw	x11,12(x14)	 x14:0x002fffd0 x11:0x00000000 PA:0x002fffdc store:0x00000000 load:0x00000000
            604	       298	00200986	0741	c.addi	x14,16	 x14:0x002fffd0 x14=0x002fffe0
            610	       301	00200988	fed76be3	bltu	x14,x13,20097e	 x14:0x002fffe0 x13:0x002ffff0  x0=0x00000000
            618	       305	0020097e	c30c	c.sw	x11,0(x14)	 x14:0x002fffe0 x11:0x00000000 PA:0x002fffe0 store:0x00000000 load:0x00000000
            624	       308	00200980	c34c	c.sw	x11,4(x14)	 x14:0x002fffe0 x11:0x00000000 PA:0x002fffe4 store:0x00000000 load:0x00000000
            630	       311	00200982	c70c	c.sw	x11,8(x14)	 x14:0x002fffe0 x11:0x00000000 PA:0x002fffe8 store:0x00000000 load:0x00000000
            636	       314	00200984	c74c	c.sw	x11,12(x14)	 x14:0x002fffe0 x11:0x00000000 PA:0x002fffec store:0x00000000 load:0x00000000
            640	       316	00200986	0741	c.addi	x14,16	 x14:0x002fffe0 x14=0x002ffff0
            644	       318	00200988	fed76be3	bltu	x14,x13,20097e	 x14:0x002ffff0 x13:0x002ffff0  x0=0x00000000
            646	       319	0020098c	e211	c.bnez	x12,200990	 x12:0x00000000
            650	       321	0020098e	8082	c.jr	x1	  x1:0x00200a46
            654	       323	00200a46	0068	c.addi4spn	x10,x2,12	 x10=0x002fff8c
            660	       326	00200a48	f66ff0ef	jal	x1,2001ae	  x1=0x00200a4c
            666	       329	002001ae	00054783	lbu	x15,0(x10)	 x10:0x002fff8c x15=0x00000061 PA:0x002fff8c store:0x00000000
            668	       330	002001b2	cb81	c.beqz	x15,2001c2	 x15:0x00000061
            670	       331	002001b4	00020737	lui	x14,0x20	 x14=0x00020000
            674	       333	002001b8	0505	c.addi	x10,1	 x10:0x002fff8c x10=0x002fff8d
            680	       336	002001ba	c31c	c.sw	x15,0(x14)	 x14:0x00020000 x15:0x00000061 PA:0x00020000 store:0x00000061 load:0x00000000
            684	       338	002001bc	00054783	lbu	x15,0(x10)	 x10:0x002fff8d x15=0x0000006c PA:0x002fff8d store:0x00000000
            688	       340	002001c0	ffe5	c.bnez	x15,2001b8	 x15:0x0000006c
            694	       343	002001b8	0505	c.addi	x10,1	 x10:0x002fff8d x10=0x002fff8e
            700	       346	002001ba	c31c	c.sw	x15,0(x14)	 x14:0x00020000 x15:0x0000006c PA:0x00020000 store:0x0000006c load:0x00000000
            704	       348	002001bc	00054783	lbu	x15,0(x10)	 x10:0x002fff8e x15=0x00000061 PA:0x002fff8e store:0x00000000
            708	       350	002001c0	ffe5	c.bnez	x15,2001b8	 x15:0x00000061
            714	       353	002001b8	0505	c.addi	x10,1	 x10:0x002fff8e x10=0x002fff8f
            720	       356	002001ba	c31c	c.sw	x15,0(x14)	 x14:0x00020000 x15:0x00000061 PA:0x00020000 store:0x00000061 load:0x00000000
            724	       358	002001bc	00054783	lbu	x15,0(x10)	 x10:0x002fff8f x15=0x00000073 PA:0x002fff8f store:0x00000000
            728	       360	002001c0	ffe5	c.bnez	x15,2001b8	 x15:0x00000073
            734	       363	002001b8	0505	c.addi	x10,1	 x10:0x002fff8f x10=0x002fff90
            740	       366	002001ba	c31c	c.sw	x15,0(x14)	 x14:0x00020000 x15:0x00000073 PA:0x00020000 store:0x00000073 load:0x00000000
            744	       368	002001bc	00054783	lbu	x15,0(x10)	 x10:0x002fff90 x15=0x0000006b PA:0x002fff90 store:0x00000000
            748	       370	002001c0	ffe5	c.bnez	x15,2001b8	 x15:0x0000006b
            754	       373	002001b8	0505	c.addi	x10,1	 x10:0x002fff90 x10=0x002fff91
            760	       376	002001ba	c31c	c.sw	x15,0(x14)	 x14:0x00020000 x15:0x0000006b PA:0x00020000 store:0x0000006b load:0x00000000
            764	       378	002001bc	00054783	lbu	x15,0(x10)	 x10:0x002fff91 x15=0x00000061 PA:0x002fff91 store:0x00000000
            768	       380	002001c0	ffe5	c.bnez	x15,2001b8	 x15:0x00000061
            774	       383	002001b8	0505	c.addi	x10,1	 x10:0x002fff91 x10=0x002fff92
            780	       386	002001ba	c31c	c.sw	x15,0(x14)	 x14:0x00020000 x15:0x00000061 PA:0x00020000 store:0x00000061 load:0x00000000
            784	       388	002001bc	00054783	lbu	x15,0(x10)	 x10:0x002fff92 x15=0x0000006c PA:0x002fff92 store:0x00000000
            788	       390	002001c0	ffe5	c.bnez	x15,2001b8	 x15:0x0000006c
            794	       393	002001b8	0505	c.addi	x10,1	 x10:0x002fff92 x10=0x002fff93
            800	       396	002001ba	c31c	c.sw	x15,0(x14)	 x14:0x00020000 x15:0x0000006c PA:0x00020000 store:0x0000006c load:0x00000000
            804	       398	002001bc	00054783	lbu	x15,0(x10)	 x10:0x002fff93 x15=0x00000061 PA:0x002fff93 store:0x00000000
            808	       400	002001c0	ffe5	c.bnez	x15,2001b8	 x15:0x00000061
            814	       403	002001b8	0505	c.addi	x10,1	 x10:0x002fff93 x10=0x002fff94
            820	       406	002001ba	c31c	c.sw	x15,0(x14)	 x14:0x00020000 x15:0x00000061 PA:0x00020000 store:0x00000061 load:0x00000000
            824	       408	002001bc	00054783	lbu	x15,0(x10)	 x10:0x002fff94 x15=0x00000073 PA:0x002fff94 store:0x00000000
            828	       410	002001c0	ffe5	c.bnez	x15,2001b8	 x15:0x00000073
            834	       413	002001b8	0505	c.addi	x10,1	 x10:0x002fff94 x10=0x002fff95
            840	       416	002001ba	c31c	c.sw	x15,0(x14)	 x14:0x00020000 x15:0x00000073 PA:0x00020000 store:0x00000073 load:0x00000000
            844	       418	002001bc	00054783	lbu	x15,0(x10)	 x10:0x002fff95 x15=0x0000006b PA:0x002fff95 store:0x00000000
            848	       420	002001c0	ffe5	c.bnez	x15,2001b8	 x15:0x0000006b
            854	       423	002001b8	0505	c.addi	x10,1	 x10:0x002fff95 x10=0x002fff96
            860	       426	002001ba	c31c	c.sw	x15,0(x14)	 x14:0x00020000 x15:0x0000006b PA:0x00020000 store:0x0000006b load:0x00000000
            864	       428	002001bc	00054783	lbu	x15,0(x10)	 x10:0x002fff96 x15=0x00000061 PA:0x002fff96 store:0x00000000
            868	       430	002001c0	ffe5	c.bnez	x15,2001b8	 x15:0x00000061
            874	       433	002001b8	0505	c.addi	x10,1	 x10:0x002fff96 x10=0x002fff97
            880	       436	002001ba	c31c	c.sw	x15,0(x14)	 x14:0x00020000 x15:0x00000061 PA:0x00020000 store:0x00000061 load:0x00000000
            884	       438	002001bc	00054783	lbu	x15,0(x10)	 x10:0x002fff97 x15=0x00000021 PA:0x002fff97 store:0x00000000
            888	       440	002001c0	ffe5	c.bnez	x15,2001b8	 x15:0x00000021
            894	       443	002001b8	0505	c.addi	x10,1	 x10:0x002fff97 x10=0x002fff98
            900	       446	002001ba	c31c	c.sw	x15,0(x14)	 x14:0x00020000 x15:0x00000021 PA:0x00020000 store:0x00000021 load:0x00000000
            904	       448	002001bc	00054783	lbu	x15,0(x10)	 x10:0x002fff98 x15=0x00000021 PA:0x002fff98 store:0x00000000
            908	       450	002001c0	ffe5	c.bnez	x15,2001b8	 x15:0x00000021
            914	       453	002001b8	0505	c.addi	x10,1	 x10:0x002fff98 x10=0x002fff99
            920	       456	002001ba	c31c	c.sw	x15,0(x14)	 x14:0x00020000 x15:0x00000021 PA:0x00020000 store:0x00000021 load:0x00000000
            924	       458	002001bc	00054783	lbu	x15,0(x10)	 x10:0x002fff99 x15=0x00000021 PA:0x002fff99 store:0x00000000
            928	       460	002001c0	ffe5	c.bnez	x15,2001b8	 x15:0x00000021
            934	       463	002001b8	0505	c.addi	x10,1	 x10:0x002fff99 x10=0x002fff9a
            940	       466	002001ba	c31c	c.sw	x15,0(x14)	 x14:0x00020000 x15:0x00000021 PA:0x00020000 store:0x00000021 load:0x00000000
            944	       468	002001bc	00054783	lbu	x15,0(x10)	 x10:0x002fff9a x15=0x00000000 PA:0x002fff9a store:0x00000000
            946	       469	002001c0	ffe5	c.bnez	x15,2001b8	 x15:0x00000000
            948	       470	002001c2	4501	c.li	x10,0	 x10=0x00000000
            952	       472	002001c4	8082	c.jr	x1	  x1:0x00200a4c
            958	       475	00200a4c	50f6	c.lwsp	x1,124(x2)	  x2:0x002fff80  x1=0x00200954 PA:0x002ffffc store:0x00000000
            960	       476	00200a4e	4501	c.li	x10,0	 x10=0x00000000
            962	       477	00200a50	6109	c.addi16sp	x2,128	  x2:0x002fff80  x2=0x00300000
            966	       479	00200a52	8082	c.jr	x1	  x1:0x00200954
            968	       480	00200954	000202b7	lui	x5,0x20	  x5=0x00020000
            972	       482	00200958	02a1	c.addi	x5,8	  x5:0x00020000  x5=0x00020008
            976	       484	0020095a	4305	c.li	x6,1	  x6=0x00000001
            982	       487	0020095c	0062a023	sw	x6,0(x5)	  x5:0x00020008  x6:0x00000001 PA:0x00020008 store:0x00000001 load:0x00000000
