Time	Cycle	PC	Insn	Decoded instruction	Register and memory contents
             20	         6	00200080	0630006f	jal	x0,2008e2	  x0=0x00000000
             24	         8	002008e2	00000093	addi	x1,x0,0	  x0:0x00000000  x1=0x00000000
             26	         9	002008e6	8106	c.mv	x2,x1	  x0:0x00000000  x1:0x00000000  x2=0x00000000
             28	        10	002008e8	8186	c.mv	x3,x1	  x0:0x00000000  x1:0x00000000  x3=0x00000000
             30	        11	002008ea	8206	c.mv	x4,x1	  x0:0x00000000  x1:0x00000000  x4=0x00000000
             32	        12	002008ec	8286	c.mv	x5,x1	  x0:0x00000000  x1:0x00000000  x5=0x00000000
             34	        13	002008ee	8306	c.mv	x6,x1	  x0:0x00000000  x1:0x00000000  x6=0x00000000
             36	        14	002008f0	8386	c.mv	x7,x1	  x0:0x00000000  x1:0x00000000  x7=0x00000000
             38	        15	002008f2	8406	c.mv	x8,x1	  x0:0x00000000  x1:0x00000000  x8=0x00000000
             40	        16	002008f4	8486	c.mv	x9,x1	  x0:0x00000000  x1:0x00000000  x9=0x00000000
             42	        17	002008f6	8506	c.mv	x10,x1	  x0:0x00000000  x1:0x00000000 x10=0x00000000
             44	        18	002008f8	8586	c.mv	x11,x1	  x0:0x00000000  x1:0x00000000 x11=0x00000000
             46	        19	002008fa	8606	c.mv	x12,x1	  x0:0x00000000  x1:0x00000000 x12=0x00000000
             48	        20	002008fc	8686	c.mv	x13,x1	  x0:0x00000000  x1:0x00000000 x13=0x00000000
             50	        21	002008fe	8706	c.mv	x14,x1	  x0:0x00000000  x1:0x00000000 x14=0x00000000
             52	        22	00200900	8786	c.mv	x15,x1	  x0:0x00000000  x1:0x00000000 x15=0x00000000
             54	        23	00200902	8806	c.mv	x16,x1	  x0:0x00000000  x1:0x00000000 x16=0x00000000
             56	        24	00200904	8886	c.mv	x17,x1	  x0:0x00000000  x1:0x00000000 x17=0x00000000
             58	        25	00200906	8906	c.mv	x18,x1	  x0:0x00000000  x1:0x00000000 x18=0x00000000
             60	        26	00200908	8986	c.mv	x19,x1	  x0:0x00000000  x1:0x00000000 x19=0x00000000
             62	        27	0020090a	8a06	c.mv	x20,x1	  x0:0x00000000  x1:0x00000000 x20=0x00000000
             64	        28	0020090c	8a86	c.mv	x21,x1	  x0:0x00000000  x1:0x00000000 x21=0x00000000
             66	        29	0020090e	8b06	c.mv	x22,x1	  x0:0x00000000  x1:0x00000000 x22=0x00000000
             68	        30	00200910	8b86	c.mv	x23,x1	  x0:0x00000000  x1:0x00000000 x23=0x00000000
             70	        31	00200912	8c06	c.mv	x24,x1	  x0:0x00000000  x1:0x00000000 x24=0x00000000
             72	        32	00200914	8c86	c.mv	x25,x1	  x0:0x00000000  x1:0x00000000 x25=0x00000000
             74	        33	00200916	8d06	c.mv	x26,x1	  x0:0x00000000  x1:0x00000000 x26=0x00000000
             76	        34	00200918	8d86	c.mv	x27,x1	  x0:0x00000000  x1:0x00000000 x27=0x00000000
             78	        35	0020091a	8e06	c.mv	x28,x1	  x0:0x00000000  x1:0x00000000 x28=0x00000000
             80	        36	0020091c	8e86	c.mv	x29,x1	  x0:0x00000000  x1:0x00000000 x29=0x00000000
             82	        37	0020091e	8f06	c.mv	x30,x1	  x0:0x00000000  x1:0x00000000 x30=0x00000000
             84	        38	00200920	8f86	c.mv	x31,x1	  x0:0x00000000  x1:0x00000000 x31=0x00000000
             86	        39	00200922	000ff117	auipc	x2,0xff	  x2=0x002ff922
             88	        40	00200926	6de10113	addi	x2,x2,1758	  x2:0x002ff922  x2=0x00300000
             90	        41	0020092a	00000d17	auipc	x26,0x0	 x26=0x0020092a
             92	        42	0020092e	1e6d0d13	addi	x26,x26,486	 x26:0x0020092a x26=0x00200b10
             94	        43	00200932	00000d97	auipc	x27,0x0	 x27=0x00200932
             96	        44	00200936	1eed8d93	addi	x27,x27,494	 x27:0x00200932 x27=0x00200b20
             98	        45	0020093a	01bd5763	bge	x26,x27,200948	 x26:0x00200b10 x27:0x00200b20  x0=0x00000000
            102	        47	0020093e	000d2023	sw	x0,0(x26)	 x26:0x00200b10  x0:0x00000000 PA:0x00200b10 store:0x00000000 load:0x00000000
            104	        48	00200942	0d11	c.addi	x26,4	 x26:0x00200b10 x26=0x00200b14
            108	        50	00200944	ffaddde3	bge	x27,x26,20093e	 x27:0x00200b20 x26:0x00200b14  x0=0x00000000
            116	        54	0020093e	000d2023	sw	x0,0(x26)	 x26:0x00200b14  x0:0x00000000 PA:0x00200b14 store:0x00000000 load:0x00000000
            118	        55	00200942	0d11	c.addi	x26,4	 x26:0x00200b14 x26=0x00200b18
            122	        57	00200944	ffaddde3	bge	x27,x26,20093e	 x27:0x00200b20 x26:0x00200b18  x0=0x00000000
            130	        61	0020093e	000d2023	sw	x0,0(x26)	 x26:0x00200b18  x0:0x00000000 PA:0x00200b18 store:0x00000000 load:0x00000000
            132	        62	00200942	0d11	c.addi	x26,4	 x26:0x00200b18 x26=0x00200b1c
            136	        64	00200944	ffaddde3	bge	x27,x26,20093e	 x27:0x00200b20 x26:0x00200b1c  x0=0x00000000
            144	        68	0020093e	000d2023	sw	x0,0(x26)	 x26:0x00200b1c  x0:0x00000000 PA:0x00200b1c store:0x00000000 load:0x00000000
            146	        69	00200942	0d11	c.addi	x26,4	 x26:0x00200b1c x26=0x00200b20
            150	        71	00200944	ffaddde3	bge	x27,x26,20093e	 x27:0x00200b20 x26:0x00200b20  x0=0x00000000
            158	        75	0020093e	000d2023	sw	x0,0(x26)	 x26:0x00200b20  x0:0x00000000 PA:0x00200b20 store:0x00000000 load:0x00000000
            160	        76	00200942	0d11	c.addi	x26,4	 x26:0x00200b20 x26=0x00200b24
            162	        77	00200944	ffaddde3	bge	x27,x26,20093e	 x27:0x00200b20 x26:0x00200b24  x0=0x00000000
            164	        78	00200948	00000513	addi	x10,x0,0	  x0:0x00000000 x10=0x00000000
            166	        79	0020094c	00000593	addi	x11,x0,0	  x0:0x00000000 x11=0x00000000
            170	        81	00200950	0be000ef	jal	x1,200a0e	  x1=0x00200954
            174	        83	00200a0e	00000797	auipc	x15,0x0	 x15=0x00200a0e
            176	        84	00200a12	04678793	addi	x15,x15,70	 x15:0x00200a0e x15=0x00200a54
            180	        86	00200a16	0007a883	lw	x17,0(x15)	 x15:0x00200a54 x17=0x73616c61 PA:0x00200a54 store:0x00000000
            184	        88	00200a1a	0047a803	lw	x16,4(x15)	 x15:0x00200a54 x16=0x616c616b PA:0x00200a58 store:0x00000000
            188	        90	00200a1e	4794	c.lw	x13,8(x15)	 x15:0x00200a54 x13=0x21616b73 PA:0x00200a5c store:0x00000000
            192	        92	00200a20	00c7d703	lhu	x14,12(x15)	 x15:0x00200a54 x14=0x00002121 PA:0x00200a60 store:0x00000000
            196	        94	00200a24	00e7c783	lbu	x15,14(x15)	 x15:0x00200a54 x15=0x00000000 PA:0x00200a62 store:0x00002121
            198	        95	00200a28	7119	c.addi16sp	x2,-128	  x2:0x00300000  x2=0x002fff80
            200	        96	00200a2a	05500613	addi	x12,x0,85	  x0:0x00000000 x12=0x00000055
            202	        97	00200a2e	4581	c.li	x11,0	 x11=0x00000000
            204	        98	00200a30	01b10513	addi	x10,x2,27	  x2:0x002fff80 x10=0x002fff9b
            208	       100	00200a34	de86	c.swsp	x1,124(x2)	  x2:0x002fff80  x1:0x00200954 PA:0x002ffffc store:0x00200954 load:0x00000000
            212	       102	00200a36	c646	c.swsp	x17,12(x2)	  x2:0x002fff80 x17:0x73616c61 PA:0x002fff8c store:0x73616c61 load:0x00000000
            216	       104	00200a38	c842	c.swsp	x16,16(x2)	  x2:0x002fff80 x16:0x616c616b PA:0x002fff90 store:0x616c616b load:0x00000000
            220	       106	00200a3a	ca36	c.swsp	x13,20(x2)	  x2:0x002fff80 x13:0x21616b73 PA:0x002fff94 store:0x21616b73 load:0x00000000
            224	       108	00200a3c	00e11c23	sh	x14,24(x2)	  x2:0x002fff80 x14:0x00002121 PA:0x002fff98 store:0x00002121 load:0x00000000
            228	       110	00200a40	00f10d23	sb	x15,26(x2)	  x2:0x002fff80 x15:0x00000000 PA:0x002fff9a store:0x00000000 load:0x00000000
            232	       112	00200a44	370d	c.jal	200966	  x1=0x00200a46
            234	       113	00200966	433d	c.li	x6,15	  x6=0x0000000f
            236	       114	00200968	872a	c.mv	x14,x10	  x0:0x00000000 x10:0x002fff9b x14=0x002fff9b
            238	       115	0020096a	02c37363	bgeu	x6,x12,200990	  x6:0x0000000f x12:0x00000055  x0=0x00000000
            240	       116	0020096e	00f77793	andi	x15,x14,15	 x14:0x002fff9b x15=0x0000000b
            244	       118	00200972	efbd	c.bnez	x15,2009f0	 x15:0x0000000b
            248	       120	002009f0	00279693	slli	x13,x15,0x2	 x15:0x0000000b x13=0x0000002c
            250	       121	002009f4	00000297	auipc	x5,0x0	  x5=0x002009f4
            252	       122	002009f8	9696	c.add	x13,x5	 x13:0x0000002c  x5:0x002009f4 x13=0x00200a20
            254	       123	002009fa	8286	c.mv	x5,x1	  x0:0x00000000  x1:0x00200a46  x5=0x00200a46
            258	       125	002009fc	fa8680e7	jalr	x1,-88(x13)	 x13:0x00200a20  x1=0x00200a00
            262	       127	002009c8	00b70223	sb	x11,4(x14)	 x14:0x002fff9b x11:0x00000000 PA:0x002fff9f store:0x00000000 load:0x00000000
            266	       129	002009cc	00b701a3	sb	x11,3(x14)	 x14:0x002fff9b x11:0x00000000 PA:0x002fff9e store:0x00000000 load:0x00000000
            270	       131	002009d0	00b70123	sb	x11,2(x14)	 x14:0x002fff9b x11:0x00000000 PA:0x002fff9d store:0x00000000 load:0x00000000
            274	       133	002009d4	00b700a3	sb	x11,1(x14)	 x14:0x002fff9b x11:0x00000000 PA:0x002fff9c store:0x00000000 load:0x00000000
            278	       135	002009d8	00b70023	sb	x11,0(x14)	 x14:0x002fff9b x11:0x00000000 PA:0x002fff9b store:0x00000000 load:0x00000000
            282	       137	002009dc	8082	c.jr	x1	  x1:0x00200a00
            284	       138	00200a00	8096	c.mv	x1,x5	  x0:0x00000000  x5:0x00200a46  x1=0x00200a46
            286	       139	00200a02	17c1	c.addi	x15,-16	 x15:0x0000000b x15=0xfffffffb
            288	       140	00200a04	8f1d	c.sub	x14,x15	 x14:0x002fff9b x15:0xfffffffb x14=0x002fffa0
            290	       141	00200a06	963e	c.add	x12,x15	 x12:0x00000055 x15:0xfffffffb x12=0x00000050
            292	       142	00200a08	f8c374e3	bgeu	x6,x12,200990	  x6:0x0000000f x12:0x00000050  x0=0x00000000
            296	       144	00200a0c	b7a5	c.j	200974	
            298	       145	00200974	e5ad	c.bnez	x11,2009de	 x11:0x00000000
            300	       146	00200976	ff067693	andi	x13,x12,-16	 x12:0x00000050 x13=0x00000050
            302	       147	0020097a	8a3d	c.andi	x12,15	 x12:0x00000050 x12=0x00000000
            304	       148	0020097c	96ba	c.add	x13,x14	 x13:0x00000050 x14:0x002fffa0 x13=0x002ffff0
            308	       150	0020097e	c30c	c.sw	x11,0(x14)	 x14:0x002fffa0 x11:0x00000000 PA:0x002fffa0 store:0x00000000 load:0x00000000
            312	       152	00200980	c34c	c.sw	x11,4(x14)	 x14:0x002fffa0 x11:0x00000000 PA:0x002fffa4 store:0x00000000 load:0x00000000
            316	       154	00200982	c70c	c.sw	x11,8(x14)	 x14:0x002fffa0 x11:0x00000000 PA:0x002fffa8 store:0x00000000 load:0x00000000
            320	       156	00200984	c74c	c.sw	x11,12(x14)	 x14:0x002fffa0 x11:0x00000000 PA:0x002fffac store:0x00000000 load:0x00000000
            322	       157	00200986	0741	c.addi	x14,16	 x14:0x002fffa0 x14=0x002fffb0
            326	       159	00200988	fed76be3	bltu	x14,x13,20097e	 x14:0x002fffb0 x13:0x002ffff0  x0=0x00000000
            332	       162	0020097e	c30c	c.sw	x11,0(x14)	 x14:0x002fffb0 x11:0x00000000 PA:0x002fffb0 store:0x00000000 load:0x00000000
            336	       164	00200980	c34c	c.sw	x11,4(x14)	 x14:0x002fffb0 x11:0x00000000 PA:0x002fffb4 store:0x00000000 load:0x00000000
            340	       166	00200982	c70c	c.sw	x11,8(x14)	 x14:0x002fffb0 x11:0x00000000 PA:0x002fffb8 store:0x00000000 load:0x00000000
            344	       168	00200984	c74c	c.sw	x11,12(x14)	 x14:0x002fffb0 x11:0x00000000 PA:0x002fffbc store:0x00000000 load:0x00000000
            346	       169	00200986	0741	c.addi	x14,16	 x14:0x002fffb0 x14=0x002fffc0
            350	       171	00200988	fed76be3	bltu	x14,x13,20097e	 x14:0x002fffc0 x13:0x002ffff0  x0=0x00000000
            356	       174	0020097e	c30c	c.sw	x11,0(x14)	 x14:0x002fffc0 x11:0x00000000 PA:0x002fffc0 store:0x00000000 load:0x00000000
            360	       176	00200980	c34c	c.sw	x11,4(x14)	 x14:0x002fffc0 x11:0x00000000 PA:0x002fffc4 store:0x00000000 load:0x00000000
            364	       178	00200982	c70c	c.sw	x11,8(x14)	 x14:0x002fffc0 x11:0x00000000 PA:0x002fffc8 store:0x00000000 load:0x00000000
            368	       180	00200984	c74c	c.sw	x11,12(x14)	 x14:0x002fffc0 x11:0x00000000 PA:0x002fffcc store:0x00000000 load:0x00000000
            370	       181	00200986	0741	c.addi	x14,16	 x14:0x002fffc0 x14=0x002fffd0
            374	       183	00200988	fed76be3	bltu	x14,x13,20097e	 x14:0x002fffd0 x13:0x002ffff0  x0=0x00000000
            380	       186	0020097e	c30c	c.sw	x11,0(x14)	 x14:0x002fffd0 x11:0x00000000 PA:0x002fffd0 store:0x00000000 load:0x00000000
            384	       188	00200980	c34c	c.sw	x11,4(x14)	 x14:0x002fffd0 x11:0x00000000 PA:0x002fffd4 store:0x00000000 load:0x00000000
            388	       190	00200982	c70c	c.sw	x11,8(x14)	 x14:0x002fffd0 x11:0x00000000 PA:0x002fffd8 store:0x00000000 load:0x00000000
            392	       192	00200984	c74c	c.sw	x11,12(x14)	 x14:0x002fffd0 x11:0x00000000 PA:0x002fffdc store:0x00000000 load:0x00000000
            394	       193	00200986	0741	c.addi	x14,16	 x14:0x002fffd0 x14=0x002fffe0
            398	       195	00200988	fed76be3	bltu	x14,x13,20097e	 x14:0x002fffe0 x13:0x002ffff0  x0=0x00000000
            404	       198	0020097e	c30c	c.sw	x11,0(x14)	 x14:0x002fffe0 x11:0x00000000 PA:0x002fffe0 store:0x00000000 load:0x00000000
            408	       200	00200980	c34c	c.sw	x11,4(x14)	 x14:0x002fffe0 x11:0x00000000 PA:0x002fffe4 store:0x00000000 load:0x00000000
            412	       202	00200982	c70c	c.sw	x11,8(x14)	 x14:0x002fffe0 x11:0x00000000 PA:0x002fffe8 store:0x00000000 load:0x00000000
            416	       204	00200984	c74c	c.sw	x11,12(x14)	 x14:0x002fffe0 x11:0x00000000 PA:0x002fffec store:0x00000000 load:0x00000000
            418	       205	00200986	0741	c.addi	x14,16	 x14:0x002fffe0 x14=0x002ffff0
            420	       206	00200988	fed76be3	bltu	x14,x13,20097e	 x14:0x002ffff0 x13:0x002ffff0  x0=0x00000000
            422	       207	0020098c	e211	c.bnez	x12,200990	 x12:0x00000000
            426	       209	0020098e	8082	c.jr	x1	  x1:0x00200a46
            428	       210	00200a46	0068	c.addi4spn	x10,x2,12	 x10=0x002fff8c
            432	       212	00200a48	f66ff0ef	jal	x1,2001ae	  x1=0x00200a4c
            438	       215	002001ae	00054783	lbu	x15,0(x10)	 x10:0x002fff8c x15=0x00000061 PA:0x002fff8c store:0x00000000
            440	       216	002001b2	cb81	c.beqz	x15,2001c2	 x15:0x00000061
            442	       217	002001b4	00020737	lui	x14,0x20	 x14=0x00020000
            444	       218	002001b8	0505	c.addi	x10,1	 x10:0x002fff8c x10=0x002fff8d
            448	       220	002001ba	c31c	c.sw	x15,0(x14)	 x14:0x00020000 x15:0x00000061 PA:0x00020000 store:0x00000061 load:0x00000000
            452	       222	002001bc	00054783	lbu	x15,0(x10)	 x10:0x002fff8d x15=0x0000006c PA:0x002fff8d store:0x00000000
            456	       224	002001c0	ffe5	c.bnez	x15,2001b8	 x15:0x0000006c
            460	       226	002001b8	0505	c.addi	x10,1	 x10:0x002fff8d x10=0x002fff8e
            464	       228	002001ba	c31c	c.sw	x15,0(x14)	 x14:0x00020000 x15:0x0000006c PA:0x00020000 store:0x0000006c load:0x00000000
            468	       230	002001bc	00054783	lbu	x15,0(x10)	 x10:0x002fff8e x15=0x00000061 PA:0x002fff8e store:0x00000000
            472	       232	002001c0	ffe5	c.bnez	x15,2001b8	 x15:0x00000061
            476	       234	002001b8	0505	c.addi	x10,1	 x10:0x002fff8e x10=0x002fff8f
            480	       236	002001ba	c31c	c.sw	x15,0(x14)	 x14:0x00020000 x15:0x00000061 PA:0x00020000 store:0x00000061 load:0x00000000
            484	       238	002001bc	00054783	lbu	x15,0(x10)	 x10:0x002fff8f x15=0x00000073 PA:0x002fff8f store:0x00000000
            488	       240	002001c0	ffe5	c.bnez	x15,2001b8	 x15:0x00000073
            492	       242	002001b8	0505	c.addi	x10,1	 x10:0x002fff8f x10=0x002fff90
            496	       244	002001ba	c31c	c.sw	x15,0(x14)	 x14:0x00020000 x15:0x00000073 PA:0x00020000 store:0x00000073 load:0x00000000
            500	       246	002001bc	00054783	lbu	x15,0(x10)	 x10:0x002fff90 x15=0x0000006b PA:0x002fff90 store:0x00000000
            504	       248	002001c0	ffe5	c.bnez	x15,2001b8	 x15:0x0000006b
            508	       250	002001b8	0505	c.addi	x10,1	 x10:0x002fff90 x10=0x002fff91
            512	       252	002001ba	c31c	c.sw	x15,0(x14)	 x14:0x00020000 x15:0x0000006b PA:0x00020000 store:0x0000006b load:0x00000000
            516	       254	002001bc	00054783	lbu	x15,0(x10)	 x10:0x002fff91 x15=0x00000061 PA:0x002fff91 store:0x00000000
            520	       256	002001c0	ffe5	c.bnez	x15,2001b8	 x15:0x00000061
            524	       258	002001b8	0505	c.addi	x10,1	 x10:0x002fff91 x10=0x002fff92
            528	       260	002001ba	c31c	c.sw	x15,0(x14)	 x14:0x00020000 x15:0x00000061 PA:0x00020000 store:0x00000061 load:0x00000000
            532	       262	002001bc	00054783	lbu	x15,0(x10)	 x10:0x002fff92 x15=0x0000006c PA:0x002fff92 store:0x00000000
            536	       264	002001c0	ffe5	c.bnez	x15,2001b8	 x15:0x0000006c
            540	       266	002001b8	0505	c.addi	x10,1	 x10:0x002fff92 x10=0x002fff93
            544	       268	002001ba	c31c	c.sw	x15,0(x14)	 x14:0x00020000 x15:0x0000006c PA:0x00020000 store:0x0000006c load:0x00000000
            548	       270	002001bc	00054783	lbu	x15,0(x10)	 x10:0x002fff93 x15=0x00000061 PA:0x002fff93 store:0x00000000
            552	       272	002001c0	ffe5	c.bnez	x15,2001b8	 x15:0x00000061
            556	       274	002001b8	0505	c.addi	x10,1	 x10:0x002fff93 x10=0x002fff94
            560	       276	002001ba	c31c	c.sw	x15,0(x14)	 x14:0x00020000 x15:0x00000061 PA:0x00020000 store:0x00000061 load:0x00000000
            564	       278	002001bc	00054783	lbu	x15,0(x10)	 x10:0x002fff94 x15=0x00000073 PA:0x002fff94 store:0x00000000
            568	       280	002001c0	ffe5	c.bnez	x15,2001b8	 x15:0x00000073
            572	       282	002001b8	0505	c.addi	x10,1	 x10:0x002fff94 x10=0x002fff95
            576	       284	002001ba	c31c	c.sw	x15,0(x14)	 x14:0x00020000 x15:0x00000073 PA:0x00020000 store:0x00000073 load:0x00000000
            580	       286	002001bc	00054783	lbu	x15,0(x10)	 x10:0x002fff95 x15=0x0000006b PA:0x002fff95 store:0x00000000
            584	       288	002001c0	ffe5	c.bnez	x15,2001b8	 x15:0x0000006b
            588	       290	002001b8	0505	c.addi	x10,1	 x10:0x002fff95 x10=0x002fff96
            592	       292	002001ba	c31c	c.sw	x15,0(x14)	 x14:0x00020000 x15:0x0000006b PA:0x00020000 store:0x0000006b load:0x00000000
            596	       294	002001bc	00054783	lbu	x15,0(x10)	 x10:0x002fff96 x15=0x00000061 PA:0x002fff96 store:0x00000000
            600	       296	002001c0	ffe5	c.bnez	x15,2001b8	 x15:0x00000061
            604	       298	002001b8	0505	c.addi	x10,1	 x10:0x002fff96 x10=0x002fff97
            608	       300	002001ba	c31c	c.sw	x15,0(x14)	 x14:0x00020000 x15:0x00000061 PA:0x00020000 store:0x00000061 load:0x00000000
            612	       302	002001bc	00054783	lbu	x15,0(x10)	 x10:0x002fff97 x15=0x00000021 PA:0x002fff97 store:0x00000000
            616	       304	002001c0	ffe5	c.bnez	x15,2001b8	 x15:0x00000021
            620	       306	002001b8	0505	c.addi	x10,1	 x10:0x002fff97 x10=0x002fff98
            624	       308	002001ba	c31c	c.sw	x15,0(x14)	 x14:0x00020000 x15:0x00000021 PA:0x00020000 store:0x00000021 load:0x00000000
            628	       310	002001bc	00054783	lbu	x15,0(x10)	 x10:0x002fff98 x15=0x00000021 PA:0x002fff98 store:0x00000000
            632	       312	002001c0	ffe5	c.bnez	x15,2001b8	 x15:0x00000021
            636	       314	002001b8	0505	c.addi	x10,1	 x10:0x002fff98 x10=0x002fff99
            640	       316	002001ba	c31c	c.sw	x15,0(x14)	 x14:0x00020000 x15:0x00000021 PA:0x00020000 store:0x00000021 load:0x00000000
            644	       318	002001bc	00054783	lbu	x15,0(x10)	 x10:0x002fff99 x15=0x00000021 PA:0x002fff99 store:0x00000000
            648	       320	002001c0	ffe5	c.bnez	x15,2001b8	 x15:0x00000021
            652	       322	002001b8	0505	c.addi	x10,1	 x10:0x002fff99 x10=0x002fff9a
            656	       324	002001ba	c31c	c.sw	x15,0(x14)	 x14:0x00020000 x15:0x00000021 PA:0x00020000 store:0x00000021 load:0x00000000
            660	       326	002001bc	00054783	lbu	x15,0(x10)	 x10:0x002fff9a x15=0x00000000 PA:0x002fff9a store:0x00000000
            662	       327	002001c0	ffe5	c.bnez	x15,2001b8	 x15:0x00000000
            664	       328	002001c2	4501	c.li	x10,0	 x10=0x00000000
            668	       330	002001c4	8082	c.jr	x1	  x1:0x00200a4c
            672	       332	00200a4c	50f6	c.lwsp	x1,124(x2)	  x2:0x002fff80  x1=0x00200954 PA:0x002ffffc store:0x00000000
            674	       333	00200a4e	4501	c.li	x10,0	 x10=0x00000000
            676	       334	00200a50	6109	c.addi16sp	x2,128	  x2:0x002fff80  x2=0x00300000
            680	       336	00200a52	8082	c.jr	x1	  x1:0x00200954
            682	       337	00200954	000202b7	lui	x5,0x20	  x5=0x00020000
            684	       338	00200958	02a1	c.addi	x5,8	  x5:0x00020000  x5=0x00020008
            686	       339	0020095a	4305	c.li	x6,1	  x6=0x00000001
            690	       341	0020095c	0062a023	sw	x6,0(x5)	  x5:0x00020008  x6:0x00000001 PA:0x00020008 store:0x00000001 load:0x00000000
